Start auto log messages stack - Iteration 34.	[MsgId: MMSG-10545]
Starting action Action.	[MsgId: MMSG-15919]
Action.c(27): Notify: Transaction "0_homepage" started.	[MsgId: MMSG-16999]
Action.c(29): web_set_sockets_option started  	[MsgId: MMSG-26355]
Action.c(29): web_set_sockets_option was successful  	[MsgId: MMSG-26392]
Action.c(31): web_reg_find started  	[MsgId: MMSG-26355]
Action.c(31): Registering web_reg_find was successful  	[MsgId: MMSG-26390]
Action.c(35): web_url("www.mail.nic.ru") started  	[MsgId: MMSG-26355]
Action.c(35): Error -27792: Failed to connect to server "www.mail.nic.ru:443": [10060] Connection timed out  	[MsgId: MERR-27792]
Action.c(35): Error -26366: "Text=Электронная почта от RU-CENTER" not found for web_reg_find  	[MsgId: MERR-26366]
Action.c(35): Error -26374: The above "not found" error(s) may be explained by header and body byte counts being 0 and 0, respectively.  	[MsgId: MERR-26374]
End auto log messages stack.	[MsgId: MMSG-10544]


Start auto log messages stack - Iteration 39.	[MsgId: MMSG-10545]
Action.c(29): web_set_sockets_option was successful  	[MsgId: MMSG-26392]
Action.c(31): web_reg_find started  	[MsgId: MMSG-26355]
Action.c(31): Registering web_reg_find was successful  	[MsgId: MMSG-26390]
Action.c(35): web_url("www.mail.nic.ru") started  	[MsgId: MMSG-26355]
Action.c(35): Registered web_reg_find successful for "Text=Электронная почта от RU-CENTER" (count=1)  	[MsgId: MMSG-26364]
Action.c(35): web_url("www.mail.nic.ru") was successful, 1575 body bytes, 239 header bytes  	[MsgId: MMSG-26386]
Action.c(45): Notify: Transaction "0_homepage" ended with a "Pass" status (Duration: 0,0392 Wasted Time: 0,0015).	[MsgId: MMSG-16871]
Action.c(51): Notify: Transaction "1_login" started.	[MsgId: MMSG-16999]
Action.c(53): web_custom_request("json_auth.php") started  	[MsgId: MMSG-26355]
Action.c(53): Error -27792: Failed to connect to server "mail.nic.ru:443": [10060] Connection timed out  	[MsgId: MERR-27792]
End auto log messages stack.	[MsgId: MMSG-10544]


Start auto log messages stack - Iteration 40.	[MsgId: MMSG-10545]
Action.c(64): web_custom_request("json_auth.php_2") was successful, 91 body bytes, 678 header bytes, 11 chunking overhead bytes  	[MsgId: MMSG-26385]
Action.c(84): web_reg_save_param_regexp started  	[MsgId: MMSG-26355]
Action.c(84): Registering web_reg_save_param_regexp was successful  	[MsgId: MMSG-26390]
Action.c(95): web_reg_find started  	[MsgId: MMSG-26355]
Action.c(95): Registering web_reg_find was successful  	[MsgId: MMSG-26390]
Action.c(99): web_url("roundcubemail") started  	[MsgId: MMSG-26355]
Action.c(99): Detected non-resource "https://mail.nic.ru/roundcubemail/skins/outlook/watermark.html" in "https://mail.nic.ru/roundcubemail/?_task=mail"  	[MsgId: MMSG-26574]
Action.c(99): Error -27792: Failed to connect to server "mail.nic.ru:443": [10060] Connection timed out  	[MsgId: MERR-27792]
End auto log messages stack.	[MsgId: MMSG-10544]


Start auto log messages stack - Iteration 45.	[MsgId: MMSG-10545]
Action.c(64): web_custom_request("json_auth.php_2") was successful, 91 body bytes, 678 header bytes, 11 chunking overhead bytes  	[MsgId: MMSG-26385]
Action.c(84): web_reg_save_param_regexp started  	[MsgId: MMSG-26355]
Action.c(84): Registering web_reg_save_param_regexp was successful  	[MsgId: MMSG-26390]
Action.c(95): web_reg_find started  	[MsgId: MMSG-26355]
Action.c(95): Registering web_reg_find was successful  	[MsgId: MMSG-26390]
Action.c(99): web_url("roundcubemail") started  	[MsgId: MMSG-26355]
Action.c(99): Detected non-resource "https://mail.nic.ru/roundcubemail/skins/outlook/watermark.html" in "https://mail.nic.ru/roundcubemail/?_task=mail"  	[MsgId: MMSG-26574]
Action.c(99): Error -27792: Failed to connect to server "mail.nic.ru:443": [10060] Connection timed out  	[MsgId: MERR-27792]
End auto log messages stack.	[MsgId: MMSG-10544]


Start auto log messages stack - Iteration 41.	[MsgId: MMSG-10545]
Action.c(29): web_set_sockets_option was successful  	[MsgId: MMSG-26392]
Action.c(31): web_reg_find started  	[MsgId: MMSG-26355]
Action.c(31): Registering web_reg_find was successful  	[MsgId: MMSG-26390]
Action.c(35): web_url("www.mail.nic.ru") started  	[MsgId: MMSG-26355]
Action.c(35): Registered web_reg_find successful for "Text=Электронная почта от RU-CENTER" (count=1)  	[MsgId: MMSG-26364]
Action.c(35): web_url("www.mail.nic.ru") was successful, 1575 body bytes, 239 header bytes  	[MsgId: MMSG-26386]
Action.c(45): Notify: Transaction "0_homepage" ended with a "Pass" status (Duration: 3,0387 Wasted Time: 0,0015).	[MsgId: MMSG-16871]
Action.c(51): Notify: Transaction "1_login" started.	[MsgId: MMSG-16999]
Action.c(53): web_custom_request("json_auth.php") started  	[MsgId: MMSG-26355]
Action.c(53): Error -27792: Failed to connect to server "mail.nic.ru:443": [10060] Connection timed out  	[MsgId: MERR-27792]
End auto log messages stack.	[MsgId: MMSG-10544]


Start auto log messages stack - Iteration 68.	[MsgId: MMSG-10545]
Action.c(243): web_reg_find started  	[MsgId: MMSG-26355]
Action.c(243): Registering web_reg_find was successful  	[MsgId: MMSG-26390]
Action.c(247): web_url("roundcubemail_6") started  	[MsgId: MMSG-26355]
Action.c(247): Detected non-resource "https://mail.nic.ru/roundcubemail/skins/outlook/watermark.html" in "https://mail.nic.ru/roundcubemail/?_task=mail&_refresh=1&_mbox=INBOX"  	[MsgId: MMSG-26574]
Action.c(247): Retrieving data from cache for "https://mail.nic.ru/roundcubemail/skins/outlook/watermark.html"  	[MsgId: MMSG-26558]
Action.c(247): ssl_handle_status encounter error : SSL_ERROR_SYSCALL, error id : 0  	[MsgId: MMSG-26000]
Action.c(247): Error -27776: [GENERAL_MSG_CAT_SSL_ERROR]read to host "mail.nic.ru" failed  	[MsgId: MERR-27776]
Action.c(247): Error -27786: Failed to read data from server "mail.nic.ru"  	[MsgId: MERR-27786]
End auto log messages stack.	[MsgId: MMSG-10544]


Start auto log messages stack - Iteration 92.	[MsgId: MMSG-10545]
Action.c(247): web_url("roundcubemail_6") was successful, 51238 body bytes, 468 header bytes, 119 chunking overhead bytes  	[MsgId: MMSG-26385]
Action.c(257): Notify: Transaction "3_sent" ended with a "Pass" status (Duration: 0,3617 Wasted Time: 0,0002).	[MsgId: MMSG-16871]
Action.c(262): Notify: Transaction "4_logout" started.	[MsgId: MMSG-16999]
Action.c(264): web_reg_find started  	[MsgId: MMSG-26355]
Action.c(264): Registering web_reg_find was successful  	[MsgId: MMSG-26390]
Action.c(268): web_url("roundcubemail_7") started  	[MsgId: MMSG-26355]
Action.c(268): Redirecting "https://mail.nic.ru/roundcubemail/?_task=logout&_token=a87873e0600054191dca1efab8f39404" (redirection depth is 0)  	[MsgId: MMSG-26694]
Action.c(268): To location "http://mail.nic.ru/"  	[MsgId: MMSG-26693]
Action.c(268): Error -27792: Failed to connect to server "mail.nic.ru:80": [10060] Connection timed out  	[MsgId: MERR-27792]
Action.c(268): Error -26366: "Text=RU-CENTER" not found for web_reg_find  	[MsgId: MERR-26366]
Action.c(268): Error -26374: The above "not found" error(s) may be explained by header and body byte counts being 650 and 0, respectively.  	[MsgId: MERR-26374]
End auto log messages stack.	[MsgId: MMSG-10544]


Start auto log messages stack - Iteration 90.	[MsgId: MMSG-10545]
Action.c(247): web_url("roundcubemail_6") was successful, 51242 body bytes, 468 header bytes, 125 chunking overhead bytes  	[MsgId: MMSG-26385]
Action.c(257): Notify: Transaction "3_sent" ended with a "Pass" status (Duration: 0,3488 Wasted Time: 0,0002).	[MsgId: MMSG-16871]
Action.c(262): Notify: Transaction "4_logout" started.	[MsgId: MMSG-16999]
Action.c(264): web_reg_find started  	[MsgId: MMSG-26355]
Action.c(264): Registering web_reg_find was successful  	[MsgId: MMSG-26390]
Action.c(268): web_url("roundcubemail_7") started  	[MsgId: MMSG-26355]
Action.c(268): Redirecting "https://mail.nic.ru/roundcubemail/?_task=logout&_token=ae15d6eaa7bc110e09ee1b717bafee82" (redirection depth is 0)  	[MsgId: MMSG-26694]
Action.c(268): To location "http://mail.nic.ru/"  	[MsgId: MMSG-26693]
Action.c(268): Error -27792: Failed to connect to server "mail.nic.ru:80": [10060] Connection timed out  	[MsgId: MERR-27792]
Action.c(268): Error -26366: "Text=RU-CENTER" not found for web_reg_find  	[MsgId: MERR-26366]
Action.c(268): Error -26374: The above "not found" error(s) may be explained by header and body byte counts being 650 and 0, respectively.  	[MsgId: MERR-26374]
End auto log messages stack.	[MsgId: MMSG-10544]


Start auto log messages stack - Iteration 127.	[MsgId: MMSG-10545]
Action.c(64): web_custom_request("json_auth.php_2") was successful, 91 body bytes, 678 header bytes, 11 chunking overhead bytes  	[MsgId: MMSG-26385]
Action.c(84): web_reg_save_param_regexp started  	[MsgId: MMSG-26355]
Action.c(84): Registering web_reg_save_param_regexp was successful  	[MsgId: MMSG-26390]
Action.c(95): web_reg_find started  	[MsgId: MMSG-26355]
Action.c(95): Registering web_reg_find was successful  	[MsgId: MMSG-26390]
Action.c(99): web_url("roundcubemail") started  	[MsgId: MMSG-26355]
Action.c(99): Detected non-resource "https://mail.nic.ru/roundcubemail/skins/outlook/watermark.html" in "https://mail.nic.ru/roundcubemail/?_task=mail"  	[MsgId: MMSG-26574]
Action.c(99): Error -27792: Failed to connect to server "mail.nic.ru:443": [10060] Connection timed out  	[MsgId: MERR-27792]
End auto log messages stack.	[MsgId: MMSG-10544]


Start auto log messages stack - Iteration 139.	[MsgId: MMSG-10545]
Starting action Action.	[MsgId: MMSG-15919]
Action.c(27): Notify: Transaction "0_homepage" started.	[MsgId: MMSG-16999]
Action.c(29): web_set_sockets_option started  	[MsgId: MMSG-26355]
Action.c(29): web_set_sockets_option was successful  	[MsgId: MMSG-26392]
Action.c(31): web_reg_find started  	[MsgId: MMSG-26355]
Action.c(31): Registering web_reg_find was successful  	[MsgId: MMSG-26390]
Action.c(35): web_url("www.mail.nic.ru") started  	[MsgId: MMSG-26355]
Action.c(35): Error -27792: Failed to connect to server "www.mail.nic.ru:443": [10060] Connection timed out  	[MsgId: MERR-27792]
Action.c(35): Error -26366: "Text=Электронная почта от RU-CENTER" not found for web_reg_find  	[MsgId: MERR-26366]
Action.c(35): Error -26374: The above "not found" error(s) may be explained by header and body byte counts being 0 and 0, respectively.  	[MsgId: MERR-26374]
End auto log messages stack.	[MsgId: MMSG-10544]


Start auto log messages stack - Iteration 128.	[MsgId: MMSG-10545]
Action.c(29): web_set_sockets_option was successful  	[MsgId: MMSG-26392]
Action.c(31): web_reg_find started  	[MsgId: MMSG-26355]
Action.c(31): Registering web_reg_find was successful  	[MsgId: MMSG-26390]
Action.c(35): web_url("www.mail.nic.ru") started  	[MsgId: MMSG-26355]
Action.c(35): Registered web_reg_find successful for "Text=Электронная почта от RU-CENTER" (count=1)  	[MsgId: MMSG-26364]
Action.c(35): web_url("www.mail.nic.ru") was successful, 1575 body bytes, 239 header bytes  	[MsgId: MMSG-26386]
Action.c(45): Notify: Transaction "0_homepage" ended with a "Pass" status (Duration: 9,0334 Wasted Time: 0,0015).	[MsgId: MMSG-16871]
Action.c(51): Notify: Transaction "1_login" started.	[MsgId: MMSG-16999]
Action.c(53): web_custom_request("json_auth.php") started  	[MsgId: MMSG-26355]
Action.c(53): Error -27792: Failed to connect to server "mail.nic.ru:443": [10060] Connection timed out  	[MsgId: MERR-27792]
End auto log messages stack.	[MsgId: MMSG-10544]


Start auto log messages stack - Iteration 132.	[MsgId: MMSG-10545]
Action.c(64): web_custom_request("json_auth.php_2") was successful, 91 body bytes, 678 header bytes, 11 chunking overhead bytes  	[MsgId: MMSG-26385]
Action.c(84): web_reg_save_param_regexp started  	[MsgId: MMSG-26355]
Action.c(84): Registering web_reg_save_param_regexp was successful  	[MsgId: MMSG-26390]
Action.c(95): web_reg_find started  	[MsgId: MMSG-26355]
Action.c(95): Registering web_reg_find was successful  	[MsgId: MMSG-26390]
Action.c(99): web_url("roundcubemail") started  	[MsgId: MMSG-26355]
Action.c(99): Detected non-resource "https://mail.nic.ru/roundcubemail/skins/outlook/watermark.html" in "https://mail.nic.ru/roundcubemail/?_task=mail"  	[MsgId: MMSG-26574]
Action.c(99): Error -27792: Failed to connect to server "mail.nic.ru:443": [10060] Connection timed out  	[MsgId: MERR-27792]
End auto log messages stack.	[MsgId: MMSG-10544]


Start auto log messages stack - Iteration 170.	[MsgId: MMSG-10545]
Action.c(247): web_url("roundcubemail_6") was successful, 51242 body bytes, 468 header bytes, 113 chunking overhead bytes  	[MsgId: MMSG-26385]
Action.c(257): Notify: Transaction "3_sent" ended with a "Pass" status (Duration: 0,3529 Wasted Time: 0,0001).	[MsgId: MMSG-16871]
Action.c(262): Notify: Transaction "4_logout" started.	[MsgId: MMSG-16999]
Action.c(264): web_reg_find started  	[MsgId: MMSG-26355]
Action.c(264): Registering web_reg_find was successful  	[MsgId: MMSG-26390]
Action.c(268): web_url("roundcubemail_7") started  	[MsgId: MMSG-26355]
Action.c(268): Redirecting "https://mail.nic.ru/roundcubemail/?_task=logout&_token=24d766936a4f4fe64745db366c3e0206" (redirection depth is 0)  	[MsgId: MMSG-26694]
Action.c(268): To location "http://mail.nic.ru/"  	[MsgId: MMSG-26693]
Action.c(268): Error -27792: Failed to connect to server "mail.nic.ru:80": [10060] Connection timed out  	[MsgId: MERR-27792]
Action.c(268): Error -26366: "Text=RU-CENTER" not found for web_reg_find  	[MsgId: MERR-26366]
Action.c(268): Error -26374: The above "not found" error(s) may be explained by header and body byte counts being 650 and 0, respectively.  	[MsgId: MERR-26374]
End auto log messages stack.	[MsgId: MMSG-10544]


Start auto log messages stack - Iteration 171.	[MsgId: MMSG-10545]
Starting action Action.	[MsgId: MMSG-15919]
Action.c(27): Notify: Transaction "0_homepage" started.	[MsgId: MMSG-16999]
Action.c(29): web_set_sockets_option started  	[MsgId: MMSG-26355]
Action.c(29): web_set_sockets_option was successful  	[MsgId: MMSG-26392]
Action.c(31): web_reg_find started  	[MsgId: MMSG-26355]
Action.c(31): Registering web_reg_find was successful  	[MsgId: MMSG-26390]
Action.c(35): web_url("www.mail.nic.ru") started  	[MsgId: MMSG-26355]
Action.c(35): Error -27792: Failed to connect to server "www.mail.nic.ru:443": [10060] Connection timed out  	[MsgId: MERR-27792]
Action.c(35): Error -26366: "Text=Электронная почта от RU-CENTER" not found for web_reg_find  	[MsgId: MERR-26366]
Action.c(35): Error -26374: The above "not found" error(s) may be explained by header and body byte counts being 0 and 0, respectively.  	[MsgId: MERR-26374]
End auto log messages stack.	[MsgId: MMSG-10544]


Start auto log messages stack - Iteration 188.	[MsgId: MMSG-10545]
Starting action Action.	[MsgId: MMSG-15919]
Action.c(27): Notify: Transaction "0_homepage" started.	[MsgId: MMSG-16999]
Action.c(29): web_set_sockets_option started  	[MsgId: MMSG-26355]
Action.c(29): web_set_sockets_option was successful  	[MsgId: MMSG-26392]
Action.c(31): web_reg_find started  	[MsgId: MMSG-26355]
Action.c(31): Registering web_reg_find was successful  	[MsgId: MMSG-26390]
Action.c(35): web_url("www.mail.nic.ru") started  	[MsgId: MMSG-26355]
Action.c(35): Error -27792: Failed to connect to server "www.mail.nic.ru:443": [10060] Connection timed out  	[MsgId: MERR-27792]
Action.c(35): Error -26366: "Text=Электронная почта от RU-CENTER" not found for web_reg_find  	[MsgId: MERR-26366]
Action.c(35): Error -26374: The above "not found" error(s) may be explained by header and body byte counts being 0 and 0, respectively.  	[MsgId: MERR-26374]
End auto log messages stack.	[MsgId: MMSG-10544]


Start auto log messages stack - Iteration 200.	[MsgId: MMSG-10545]
Starting action Action.	[MsgId: MMSG-15919]
Action.c(27): Notify: Transaction "0_homepage" started.	[MsgId: MMSG-16999]
Action.c(29): web_set_sockets_option started  	[MsgId: MMSG-26355]
Action.c(29): web_set_sockets_option was successful  	[MsgId: MMSG-26392]
Action.c(31): web_reg_find started  	[MsgId: MMSG-26355]
Action.c(31): Registering web_reg_find was successful  	[MsgId: MMSG-26390]
Action.c(35): web_url("www.mail.nic.ru") started  	[MsgId: MMSG-26355]
Action.c(35): Error -27792: Failed to connect to server "www.mail.nic.ru:443": [10060] Connection timed out  	[MsgId: MERR-27792]
Action.c(35): Error -26366: "Text=Электронная почта от RU-CENTER" not found for web_reg_find  	[MsgId: MERR-26366]
Action.c(35): Error -26374: The above "not found" error(s) may be explained by header and body byte counts being 0 and 0, respectively.  	[MsgId: MERR-26374]
End auto log messages stack.	[MsgId: MMSG-10544]


Start auto log messages stack - Iteration 221.	[MsgId: MMSG-10545]
Action.c(29): web_set_sockets_option was successful  	[MsgId: MMSG-26392]
Action.c(31): web_reg_find started  	[MsgId: MMSG-26355]
Action.c(31): Registering web_reg_find was successful  	[MsgId: MMSG-26390]
Action.c(35): web_url("www.mail.nic.ru") started  	[MsgId: MMSG-26355]
Action.c(35): Registered web_reg_find successful for "Text=Электронная почта от RU-CENTER" (count=1)  	[MsgId: MMSG-26364]
Action.c(35): web_url("www.mail.nic.ru") was successful, 1575 body bytes, 239 header bytes  	[MsgId: MMSG-26386]
Action.c(45): Notify: Transaction "0_homepage" ended with a "Pass" status (Duration: 3,0323 Wasted Time: 0,0007).	[MsgId: MMSG-16871]
Action.c(51): Notify: Transaction "1_login" started.	[MsgId: MMSG-16999]
Action.c(53): web_custom_request("json_auth.php") started  	[MsgId: MMSG-26355]
Action.c(53): Error -27792: Failed to connect to server "mail.nic.ru:443": [10060] Connection timed out  	[MsgId: MERR-27792]
End auto log messages stack.	[MsgId: MMSG-10544]


Start auto log messages stack - Iteration 322.	[MsgId: MMSG-10545]
Action.c(247): web_url("roundcubemail_6") was successful, 51238 body bytes, 468 header bytes, 116 chunking overhead bytes  	[MsgId: MMSG-26385]
Action.c(257): Notify: Transaction "3_sent" ended with a "Pass" status (Duration: 0,4310 Wasted Time: 0,0002).	[MsgId: MMSG-16871]
Action.c(262): Notify: Transaction "4_logout" started.	[MsgId: MMSG-16999]
Action.c(264): web_reg_find started  	[MsgId: MMSG-26355]
Action.c(264): Registering web_reg_find was successful  	[MsgId: MMSG-26390]
Action.c(268): web_url("roundcubemail_7") started  	[MsgId: MMSG-26355]
Action.c(268): Redirecting "https://mail.nic.ru/roundcubemail/?_task=logout&_token=01312c791db4f5f1f6509371d15ad6fd" (redirection depth is 0)  	[MsgId: MMSG-26694]
Action.c(268): To location "http://mail.nic.ru/"  	[MsgId: MMSG-26693]
Action.c(268): Error -27792: Failed to connect to server "mail.nic.ru:80": [10060] Connection timed out  	[MsgId: MERR-27792]
Action.c(268): Error -26366: "Text=RU-CENTER" not found for web_reg_find  	[MsgId: MERR-26366]
Action.c(268): Error -26374: The above "not found" error(s) may be explained by header and body byte counts being 650 and 0, respectively.  	[MsgId: MERR-26374]
End auto log messages stack.	[MsgId: MMSG-10544]


Start auto log messages stack - Iteration 375.	[MsgId: MMSG-10545]
Action.c(247): web_url("roundcubemail_6") was successful, 51238 body bytes, 468 header bytes, 127 chunking overhead bytes  	[MsgId: MMSG-26385]
Action.c(257): Notify: Transaction "3_sent" ended with a "Pass" status (Duration: 0,3643 Wasted Time: 0,0002).	[MsgId: MMSG-16871]
Action.c(262): Notify: Transaction "4_logout" started.	[MsgId: MMSG-16999]
Action.c(264): web_reg_find started  	[MsgId: MMSG-26355]
Action.c(264): Registering web_reg_find was successful  	[MsgId: MMSG-26390]
Action.c(268): web_url("roundcubemail_7") started  	[MsgId: MMSG-26355]
Action.c(268): Redirecting "https://mail.nic.ru/roundcubemail/?_task=logout&_token=8ce485efe7b0e7d3ee9b5be07e848278" (redirection depth is 0)  	[MsgId: MMSG-26694]
Action.c(268): To location "http://mail.nic.ru/"  	[MsgId: MMSG-26693]
Action.c(268): Error -27792: Failed to connect to server "mail.nic.ru:80": [10060] Connection timed out  	[MsgId: MERR-27792]
Action.c(268): Error -26366: "Text=RU-CENTER" not found for web_reg_find  	[MsgId: MERR-26366]
Action.c(268): Error -26374: The above "not found" error(s) may be explained by header and body byte counts being 650 and 0, respectively.  	[MsgId: MERR-26374]
End auto log messages stack.	[MsgId: MMSG-10544]


