Error: Parameter 'password': Cannot find the line number from which to take the next value. This parameter is defined to use the same line as parameter 'my_email'.	[MsgId: MERR-13894]
Start auto log messages stack - Iteration 1.	[MsgId: MMSG-10545]
Action.c(35): web_url("www.mail.nic.ru") started  	[MsgId: MMSG-26355]
Action.c(35): Registered web_reg_find successful for "Text=Электронная почта от RU-CENTER" (count=1)  	[MsgId: MMSG-26364]
Action.c(35): web_url("www.mail.nic.ru") was successful, 1575 body bytes, 239 header bytes  	[MsgId: MMSG-26386]
Action.c(45): Notify: Transaction "0_homepage" ended with a "Pass" status (Duration: 1,3114 Wasted Time: 0,0027).	[MsgId: MMSG-16871]
Action.c(51): Notify: Transaction "1_login" started.	[MsgId: MMSG-16999]
Action.c(53): web_custom_request("json_auth.php") started  	[MsgId: MMSG-26355]
Action.c(53): web_custom_request("json_auth.php") was successful, 0 body bytes, 448 header bytes  	[MsgId: MMSG-26386]
Action.c(64): web_custom_request("json_auth.php_2") started  	[MsgId: MMSG-26355]
Action.c(64): Error: Parameter 'password': Cannot find the line number from which to take the next value. This parameter is defined to use the same line as parameter 'my_email'.	[MsgId: MERR-13894]
End auto log messages stack.	[MsgId: MMSG-10544]


Start auto log messages stack.	[MsgId: MMSG-10546]
Ending iteration 1.	[MsgId: MMSG-15965]
Starting iteration 2.	[MsgId: MMSG-15968]
Error: Parameter 'password': Cannot find the line number from which to take the next value. This parameter is defined to use the same line as parameter 'my_email'.	[MsgId: MERR-13894]
Start auto log messages stack - Iteration 2.	[MsgId: MMSG-10545]
Action.c(35): web_url("www.mail.nic.ru") started  	[MsgId: MMSG-26355]
Action.c(35): Registered web_reg_find successful for "Text=Электронная почта от RU-CENTER" (count=1)  	[MsgId: MMSG-26364]
Action.c(35): web_url("www.mail.nic.ru") was successful, 1575 body bytes, 239 header bytes  	[MsgId: MMSG-26386]
Action.c(45): Notify: Transaction "0_homepage" ended with a "Pass" status (Duration: 0,0361 Wasted Time: 0,0016).	[MsgId: MMSG-16871]
Action.c(51): Notify: Transaction "1_login" started.	[MsgId: MMSG-16999]
Action.c(53): web_custom_request("json_auth.php") started  	[MsgId: MMSG-26355]
Action.c(53): web_custom_request("json_auth.php") was successful, 0 body bytes, 448 header bytes  	[MsgId: MMSG-26386]
Action.c(64): web_custom_request("json_auth.php_2") started  	[MsgId: MMSG-26355]
Action.c(64): Error: Parameter 'password': Cannot find the line number from which to take the next value. This parameter is defined to use the same line as parameter 'my_email'.	[MsgId: MERR-13894]
End auto log messages stack.	[MsgId: MMSG-10544]


Start auto log messages stack.	[MsgId: MMSG-10546]
Ending iteration 2.	[MsgId: MMSG-15965]
Starting iteration 3.	[MsgId: MMSG-15968]
Error: Parameter 'password': Cannot find the line number from which to take the next value. This parameter is defined to use the same line as parameter 'my_email'.	[MsgId: MERR-13894]
Start auto log messages stack - Iteration 3.	[MsgId: MMSG-10545]
Action.c(35): web_url("www.mail.nic.ru") started  	[MsgId: MMSG-26355]
Action.c(35): Registered web_reg_find successful for "Text=Электронная почта от RU-CENTER" (count=1)  	[MsgId: MMSG-26364]
Action.c(35): web_url("www.mail.nic.ru") was successful, 1575 body bytes, 239 header bytes  	[MsgId: MMSG-26386]
Action.c(45): Notify: Transaction "0_homepage" ended with a "Pass" status (Duration: 0,0367 Wasted Time: 0,0036).	[MsgId: MMSG-16871]
Action.c(51): Notify: Transaction "1_login" started.	[MsgId: MMSG-16999]
Action.c(53): web_custom_request("json_auth.php") started  	[MsgId: MMSG-26355]
Action.c(53): web_custom_request("json_auth.php") was successful, 0 body bytes, 448 header bytes  	[MsgId: MMSG-26386]
Action.c(64): web_custom_request("json_auth.php_2") started  	[MsgId: MMSG-26355]
Action.c(64): Error: Parameter 'password': Cannot find the line number from which to take the next value. This parameter is defined to use the same line as parameter 'my_email'.	[MsgId: MERR-13894]
End auto log messages stack.	[MsgId: MMSG-10544]


Start auto log messages stack.	[MsgId: MMSG-10546]
Ending iteration 3.	[MsgId: MMSG-15965]
Starting iteration 4.	[MsgId: MMSG-15968]
Error: Parameter 'password': Cannot find the line number from which to take the next value. This parameter is defined to use the same line as parameter 'my_email'.	[MsgId: MERR-13894]
Start auto log messages stack - Iteration 4.	[MsgId: MMSG-10545]
Action.c(35): web_url("www.mail.nic.ru") started  	[MsgId: MMSG-26355]
Action.c(35): Registered web_reg_find successful for "Text=Электронная почта от RU-CENTER" (count=1)  	[MsgId: MMSG-26364]
Action.c(35): web_url("www.mail.nic.ru") was successful, 1575 body bytes, 239 header bytes  	[MsgId: MMSG-26386]
Action.c(45): Notify: Transaction "0_homepage" ended with a "Pass" status (Duration: 0,0327 Wasted Time: 0,0008).	[MsgId: MMSG-16871]
Action.c(51): Notify: Transaction "1_login" started.	[MsgId: MMSG-16999]
Action.c(53): web_custom_request("json_auth.php") started  	[MsgId: MMSG-26355]
Action.c(53): web_custom_request("json_auth.php") was successful, 0 body bytes, 448 header bytes  	[MsgId: MMSG-26386]
Action.c(64): web_custom_request("json_auth.php_2") started  	[MsgId: MMSG-26355]
Action.c(64): Error: Parameter 'password': Cannot find the line number from which to take the next value. This parameter is defined to use the same line as parameter 'my_email'.	[MsgId: MERR-13894]
End auto log messages stack.	[MsgId: MMSG-10544]


Start auto log messages stack.	[MsgId: MMSG-10546]
Ending iteration 4.	[MsgId: MMSG-15965]
Starting iteration 5.	[MsgId: MMSG-15968]
Error: Parameter 'password': Cannot find the line number from which to take the next value. This parameter is defined to use the same line as parameter 'my_email'.	[MsgId: MERR-13894]
Start auto log messages stack - Iteration 5.	[MsgId: MMSG-10545]
Action.c(35): web_url("www.mail.nic.ru") started  	[MsgId: MMSG-26355]
Action.c(35): Registered web_reg_find successful for "Text=Электронная почта от RU-CENTER" (count=1)  	[MsgId: MMSG-26364]
Action.c(35): web_url("www.mail.nic.ru") was successful, 1575 body bytes, 239 header bytes  	[MsgId: MMSG-26386]
Action.c(45): Notify: Transaction "0_homepage" ended with a "Pass" status (Duration: 0,0354 Wasted Time: 0,0009).	[MsgId: MMSG-16871]
Action.c(51): Notify: Transaction "1_login" started.	[MsgId: MMSG-16999]
Action.c(53): web_custom_request("json_auth.php") started  	[MsgId: MMSG-26355]
Action.c(53): web_custom_request("json_auth.php") was successful, 0 body bytes, 448 header bytes  	[MsgId: MMSG-26386]
Action.c(64): web_custom_request("json_auth.php_2") started  	[MsgId: MMSG-26355]
Action.c(64): Error: Parameter 'password': Cannot find the line number from which to take the next value. This parameter is defined to use the same line as parameter 'my_email'.	[MsgId: MERR-13894]
End auto log messages stack.	[MsgId: MMSG-10544]


Start auto log messages stack.	[MsgId: MMSG-10546]
Ending iteration 5.	[MsgId: MMSG-15965]
Starting iteration 6.	[MsgId: MMSG-15968]
Error: Parameter 'password': Cannot find the line number from which to take the next value. This parameter is defined to use the same line as parameter 'my_email'.	[MsgId: MERR-13894]
Start auto log messages stack - Iteration 6.	[MsgId: MMSG-10545]
Action.c(35): web_url("www.mail.nic.ru") started  	[MsgId: MMSG-26355]
Action.c(35): Registered web_reg_find successful for "Text=Электронная почта от RU-CENTER" (count=1)  	[MsgId: MMSG-26364]
Action.c(35): web_url("www.mail.nic.ru") was successful, 1575 body bytes, 239 header bytes  	[MsgId: MMSG-26386]
Action.c(45): Notify: Transaction "0_homepage" ended with a "Pass" status (Duration: 0,0355 Wasted Time: 0,0012).	[MsgId: MMSG-16871]
Action.c(51): Notify: Transaction "1_login" started.	[MsgId: MMSG-16999]
Action.c(53): web_custom_request("json_auth.php") started  	[MsgId: MMSG-26355]
Action.c(53): web_custom_request("json_auth.php") was successful, 0 body bytes, 448 header bytes  	[MsgId: MMSG-26386]
Action.c(64): web_custom_request("json_auth.php_2") started  	[MsgId: MMSG-26355]
Action.c(64): Error: Parameter 'password': Cannot find the line number from which to take the next value. This parameter is defined to use the same line as parameter 'my_email'.	[MsgId: MERR-13894]
End auto log messages stack.	[MsgId: MMSG-10544]


Start auto log messages stack.	[MsgId: MMSG-10546]
Ending iteration 6.	[MsgId: MMSG-15965]
Starting iteration 7.	[MsgId: MMSG-15968]
Error: Parameter 'password': Cannot find the line number from which to take the next value. This parameter is defined to use the same line as parameter 'my_email'.	[MsgId: MERR-13894]
Start auto log messages stack - Iteration 7.	[MsgId: MMSG-10545]
Action.c(35): web_url("www.mail.nic.ru") started  	[MsgId: MMSG-26355]
Action.c(35): Registered web_reg_find successful for "Text=Электронная почта от RU-CENTER" (count=1)  	[MsgId: MMSG-26364]
Action.c(35): web_url("www.mail.nic.ru") was successful, 1575 body bytes, 239 header bytes  	[MsgId: MMSG-26386]
Action.c(45): Notify: Transaction "0_homepage" ended with a "Pass" status (Duration: 0,0318 Wasted Time: 0,0006).	[MsgId: MMSG-16871]
Action.c(51): Notify: Transaction "1_login" started.	[MsgId: MMSG-16999]
Action.c(53): web_custom_request("json_auth.php") started  	[MsgId: MMSG-26355]
Action.c(53): web_custom_request("json_auth.php") was successful, 0 body bytes, 448 header bytes  	[MsgId: MMSG-26386]
Action.c(64): web_custom_request("json_auth.php_2") started  	[MsgId: MMSG-26355]
Action.c(64): Error: Parameter 'password': Cannot find the line number from which to take the next value. This parameter is defined to use the same line as parameter 'my_email'.	[MsgId: MERR-13894]
End auto log messages stack.	[MsgId: MMSG-10544]


Start auto log messages stack.	[MsgId: MMSG-10546]
Ending iteration 7.	[MsgId: MMSG-15965]
Starting iteration 8.	[MsgId: MMSG-15968]
Error: Parameter 'password': Cannot find the line number from which to take the next value. This parameter is defined to use the same line as parameter 'my_email'.	[MsgId: MERR-13894]
Start auto log messages stack - Iteration 8.	[MsgId: MMSG-10545]
Action.c(35): web_url("www.mail.nic.ru") started  	[MsgId: MMSG-26355]
Action.c(35): Registered web_reg_find successful for "Text=Электронная почта от RU-CENTER" (count=1)  	[MsgId: MMSG-26364]
Action.c(35): web_url("www.mail.nic.ru") was successful, 1575 body bytes, 239 header bytes  	[MsgId: MMSG-26386]
Action.c(45): Notify: Transaction "0_homepage" ended with a "Pass" status (Duration: 0,0351 Wasted Time: 0,0012).	[MsgId: MMSG-16871]
Action.c(51): Notify: Transaction "1_login" started.	[MsgId: MMSG-16999]
Action.c(53): web_custom_request("json_auth.php") started  	[MsgId: MMSG-26355]
Action.c(53): web_custom_request("json_auth.php") was successful, 0 body bytes, 448 header bytes  	[MsgId: MMSG-26386]
Action.c(64): web_custom_request("json_auth.php_2") started  	[MsgId: MMSG-26355]
Action.c(64): Error: Parameter 'password': Cannot find the line number from which to take the next value. This parameter is defined to use the same line as parameter 'my_email'.	[MsgId: MERR-13894]
End auto log messages stack.	[MsgId: MMSG-10544]


Start auto log messages stack.	[MsgId: MMSG-10546]
Ending iteration 8.	[MsgId: MMSG-15965]
Starting iteration 9.	[MsgId: MMSG-15968]
Error: Parameter 'password': Cannot find the line number from which to take the next value. This parameter is defined to use the same line as parameter 'my_email'.	[MsgId: MERR-13894]
Start auto log messages stack - Iteration 9.	[MsgId: MMSG-10545]
Action.c(35): web_url("www.mail.nic.ru") started  	[MsgId: MMSG-26355]
Action.c(35): Registered web_reg_find successful for "Text=Электронная почта от RU-CENTER" (count=1)  	[MsgId: MMSG-26364]
Action.c(35): web_url("www.mail.nic.ru") was successful, 1575 body bytes, 239 header bytes  	[MsgId: MMSG-26386]
Action.c(45): Notify: Transaction "0_homepage" ended with a "Pass" status (Duration: 0,0271 Wasted Time: 0,0006).	[MsgId: MMSG-16871]
Action.c(51): Notify: Transaction "1_login" started.	[MsgId: MMSG-16999]
Action.c(53): web_custom_request("json_auth.php") started  	[MsgId: MMSG-26355]
Action.c(53): web_custom_request("json_auth.php") was successful, 0 body bytes, 448 header bytes  	[MsgId: MMSG-26386]
Action.c(64): web_custom_request("json_auth.php_2") started  	[MsgId: MMSG-26355]
Action.c(64): Error: Parameter 'password': Cannot find the line number from which to take the next value. This parameter is defined to use the same line as parameter 'my_email'.	[MsgId: MERR-13894]
End auto log messages stack.	[MsgId: MMSG-10544]


Start auto log messages stack.	[MsgId: MMSG-10546]
Ending iteration 9.	[MsgId: MMSG-15965]
Starting iteration 10.	[MsgId: MMSG-15968]
Error: Parameter 'password': Cannot find the line number from which to take the next value. This parameter is defined to use the same line as parameter 'my_email'.	[MsgId: MERR-13894]
Start auto log messages stack - Iteration 10.	[MsgId: MMSG-10545]
Action.c(35): web_url("www.mail.nic.ru") started  	[MsgId: MMSG-26355]
Action.c(35): Registered web_reg_find successful for "Text=Электронная почта от RU-CENTER" (count=1)  	[MsgId: MMSG-26364]
Action.c(35): web_url("www.mail.nic.ru") was successful, 1575 body bytes, 239 header bytes  	[MsgId: MMSG-26386]
Action.c(45): Notify: Transaction "0_homepage" ended with a "Pass" status (Duration: 0,0316 Wasted Time: 0,0010).	[MsgId: MMSG-16871]
Action.c(51): Notify: Transaction "1_login" started.	[MsgId: MMSG-16999]
Action.c(53): web_custom_request("json_auth.php") started  	[MsgId: MMSG-26355]
Action.c(53): web_custom_request("json_auth.php") was successful, 0 body bytes, 448 header bytes  	[MsgId: MMSG-26386]
Action.c(64): web_custom_request("json_auth.php_2") started  	[MsgId: MMSG-26355]
Action.c(64): Error: Parameter 'password': Cannot find the line number from which to take the next value. This parameter is defined to use the same line as parameter 'my_email'.	[MsgId: MERR-13894]
End auto log messages stack.	[MsgId: MMSG-10544]


Start auto log messages stack.	[MsgId: MMSG-10546]
Ending iteration 10.	[MsgId: MMSG-15965]
Starting iteration 11.	[MsgId: MMSG-15968]
Error: Parameter 'password': Cannot find the line number from which to take the next value. This parameter is defined to use the same line as parameter 'my_email'.	[MsgId: MERR-13894]
Start auto log messages stack - Iteration 11.	[MsgId: MMSG-10545]
Action.c(35): web_url("www.mail.nic.ru") started  	[MsgId: MMSG-26355]
Action.c(35): Registered web_reg_find successful for "Text=Электронная почта от RU-CENTER" (count=1)  	[MsgId: MMSG-26364]
Action.c(35): web_url("www.mail.nic.ru") was successful, 1575 body bytes, 239 header bytes  	[MsgId: MMSG-26386]
Action.c(45): Notify: Transaction "0_homepage" ended with a "Pass" status (Duration: 0,0364 Wasted Time: 0,0016).	[MsgId: MMSG-16871]
Action.c(51): Notify: Transaction "1_login" started.	[MsgId: MMSG-16999]
Action.c(53): web_custom_request("json_auth.php") started  	[MsgId: MMSG-26355]
Action.c(53): web_custom_request("json_auth.php") was successful, 0 body bytes, 448 header bytes  	[MsgId: MMSG-26386]
Action.c(64): web_custom_request("json_auth.php_2") started  	[MsgId: MMSG-26355]
Action.c(64): Error: Parameter 'password': Cannot find the line number from which to take the next value. This parameter is defined to use the same line as parameter 'my_email'.	[MsgId: MERR-13894]
End auto log messages stack.	[MsgId: MMSG-10544]


Start auto log messages stack.	[MsgId: MMSG-10546]
Ending iteration 11.	[MsgId: MMSG-15965]
Starting iteration 12.	[MsgId: MMSG-15968]
Error: Parameter 'password': Cannot find the line number from which to take the next value. This parameter is defined to use the same line as parameter 'my_email'.	[MsgId: MERR-13894]
Start auto log messages stack - Iteration 12.	[MsgId: MMSG-10545]
Action.c(35): web_url("www.mail.nic.ru") started  	[MsgId: MMSG-26355]
Action.c(35): Registered web_reg_find successful for "Text=Электронная почта от RU-CENTER" (count=1)  	[MsgId: MMSG-26364]
Action.c(35): web_url("www.mail.nic.ru") was successful, 1575 body bytes, 239 header bytes  	[MsgId: MMSG-26386]
Action.c(45): Notify: Transaction "0_homepage" ended with a "Pass" status (Duration: 0,0332 Wasted Time: 0,0012).	[MsgId: MMSG-16871]
Action.c(51): Notify: Transaction "1_login" started.	[MsgId: MMSG-16999]
Action.c(53): web_custom_request("json_auth.php") started  	[MsgId: MMSG-26355]
Action.c(53): web_custom_request("json_auth.php") was successful, 0 body bytes, 448 header bytes  	[MsgId: MMSG-26386]
Action.c(64): web_custom_request("json_auth.php_2") started  	[MsgId: MMSG-26355]
Action.c(64): Error: Parameter 'password': Cannot find the line number from which to take the next value. This parameter is defined to use the same line as parameter 'my_email'.	[MsgId: MERR-13894]
End auto log messages stack.	[MsgId: MMSG-10544]


Error: Parameter 'password': Cannot find the line number from which to take the next value. This parameter is defined to use the same line as parameter 'my_email'.	[MsgId: MERR-13894]
Start auto log messages stack - Iteration 1.	[MsgId: MMSG-10545]
Action.c(35): web_url("www.mail.nic.ru") started  	[MsgId: MMSG-26355]
Action.c(35): Registered web_reg_find successful for "Text=Электронная почта от RU-CENTER" (count=1)  	[MsgId: MMSG-26364]
Action.c(35): web_url("www.mail.nic.ru") was successful, 1575 body bytes, 239 header bytes  	[MsgId: MMSG-26386]
Action.c(45): Notify: Transaction "0_homepage" ended with a "Pass" status (Duration: 0,0348 Wasted Time: 0,0006).	[MsgId: MMSG-16871]
Action.c(51): Notify: Transaction "1_login" started.	[MsgId: MMSG-16999]
Action.c(53): web_custom_request("json_auth.php") started  	[MsgId: MMSG-26355]
Action.c(53): web_custom_request("json_auth.php") was successful, 0 body bytes, 448 header bytes  	[MsgId: MMSG-26386]
Action.c(64): web_custom_request("json_auth.php_2") started  	[MsgId: MMSG-26355]
Action.c(64): Error: Parameter 'password': Cannot find the line number from which to take the next value. This parameter is defined to use the same line as parameter 'my_email'.	[MsgId: MERR-13894]
Start auto log messages stack.	[MsgId: MMSG-10546]
Ending iteration 12.	[MsgId: MMSG-15965]
Starting iteration 13.	[MsgId: MMSG-15968]
Error: Parameter 'password': Cannot find the line number from which to take the next value. This parameter is defined to use the same line as parameter 'my_email'.	[MsgId: MERR-13894]
Start auto log messages stack - Iteration 13.	[MsgId: MMSG-10545]
Action.c(35): web_url("www.mail.nic.ru") started  	[MsgId: MMSG-26355]
Action.c(35): Registered web_reg_find successful for "Text=Электронная почта от RU-CENTER" (count=1)  	[MsgId: MMSG-26364]
Action.c(35): web_url("www.mail.nic.ru") was successful, 1575 body bytes, 239 header bytes  	[MsgId: MMSG-26386]
Action.c(45): Notify: Transaction "0_homepage" ended with a "Pass" status (Duration: 0,0353 Wasted Time: 0,0009).	[MsgId: MMSG-16871]
Action.c(51): Notify: Transaction "1_login" started.	[MsgId: MMSG-16999]
Action.c(53): web_custom_request("json_auth.php") started  	[MsgId: MMSG-26355]
Action.c(53): web_custom_request("json_auth.php") was successful, 0 body bytes, 448 header bytes  	[MsgId: MMSG-26386]
Action.c(64): web_custom_request("json_auth.php_2") started  	[MsgId: MMSG-26355]
Action.c(64): Error: Parameter 'password': Cannot find the line number from which to take the next value. This parameter is defined to use the same line as parameter 'my_email'.	[MsgId: MERR-13894]
End auto log messages stack.	[MsgId: MMSG-10544]


Start auto log messages stack.	[MsgId: MMSG-10546]
Ending iteration 13.	[MsgId: MMSG-15965]
Starting iteration 14.	[MsgId: MMSG-15968]
Error: Parameter 'password': Cannot find the line number from which to take the next value. This parameter is defined to use the same line as parameter 'my_email'.	[MsgId: MERR-13894]
Start auto log messages stack - Iteration 14.	[MsgId: MMSG-10545]
Action.c(35): web_url("www.mail.nic.ru") started  	[MsgId: MMSG-26355]
Action.c(35): Registered web_reg_find successful for "Text=Электронная почта от RU-CENTER" (count=1)  	[MsgId: MMSG-26364]
Action.c(35): web_url("www.mail.nic.ru") was successful, 1575 body bytes, 239 header bytes  	[MsgId: MMSG-26386]
Action.c(45): Notify: Transaction "0_homepage" ended with a "Pass" status (Duration: 0,0310 Wasted Time: 0,0006).	[MsgId: MMSG-16871]
Action.c(51): Notify: Transaction "1_login" started.	[MsgId: MMSG-16999]
Action.c(53): web_custom_request("json_auth.php") started  	[MsgId: MMSG-26355]
Action.c(53): web_custom_request("json_auth.php") was successful, 0 body bytes, 448 header bytes  	[MsgId: MMSG-26386]
Action.c(64): web_custom_request("json_auth.php_2") started  	[MsgId: MMSG-26355]
Action.c(64): Error: Parameter 'password': Cannot find the line number from which to take the next value. This parameter is defined to use the same line as parameter 'my_email'.	[MsgId: MERR-13894]
End auto log messages stack.	[MsgId: MMSG-10544]


Start auto log messages stack.	[MsgId: MMSG-10546]
Ending iteration 14.	[MsgId: MMSG-15965]
Starting iteration 15.	[MsgId: MMSG-15968]
Error: Parameter 'password': Cannot find the line number from which to take the next value. This parameter is defined to use the same line as parameter 'my_email'.	[MsgId: MERR-13894]
Start auto log messages stack - Iteration 15.	[MsgId: MMSG-10545]
Action.c(35): web_url("www.mail.nic.ru") started  	[MsgId: MMSG-26355]
Action.c(35): Registered web_reg_find successful for "Text=Электронная почта от RU-CENTER" (count=1)  	[MsgId: MMSG-26364]
Action.c(35): web_url("www.mail.nic.ru") was successful, 1575 body bytes, 239 header bytes  	[MsgId: MMSG-26386]
Action.c(45): Notify: Transaction "0_homepage" ended with a "Pass" status (Duration: 0,0358 Wasted Time: 0,0012).	[MsgId: MMSG-16871]
Action.c(51): Notify: Transaction "1_login" started.	[MsgId: MMSG-16999]
Action.c(53): web_custom_request("json_auth.php") started  	[MsgId: MMSG-26355]
Action.c(53): web_custom_request("json_auth.php") was successful, 0 body bytes, 448 header bytes  	[MsgId: MMSG-26386]
Action.c(64): web_custom_request("json_auth.php_2") started  	[MsgId: MMSG-26355]
Action.c(64): Error: Parameter 'password': Cannot find the line number from which to take the next value. This parameter is defined to use the same line as parameter 'my_email'.	[MsgId: MERR-13894]
End auto log messages stack.	[MsgId: MMSG-10544]


Start auto log messages stack.	[MsgId: MMSG-10546]
Ending iteration 15.	[MsgId: MMSG-15965]
Starting iteration 16.	[MsgId: MMSG-15968]
Error: Parameter 'password': Cannot find the line number from which to take the next value. This parameter is defined to use the same line as parameter 'my_email'.	[MsgId: MERR-13894]
Start auto log messages stack - Iteration 16.	[MsgId: MMSG-10545]
Action.c(35): web_url("www.mail.nic.ru") started  	[MsgId: MMSG-26355]
Action.c(35): Registered web_reg_find successful for "Text=Электронная почта от RU-CENTER" (count=1)  	[MsgId: MMSG-26364]
Action.c(35): web_url("www.mail.nic.ru") was successful, 1575 body bytes, 239 header bytes  	[MsgId: MMSG-26386]
Action.c(45): Notify: Transaction "0_homepage" ended with a "Pass" status (Duration: 0,0451 Wasted Time: 0,0007).	[MsgId: MMSG-16871]
Action.c(51): Notify: Transaction "1_login" started.	[MsgId: MMSG-16999]
Action.c(53): web_custom_request("json_auth.php") started  	[MsgId: MMSG-26355]
Action.c(53): web_custom_request("json_auth.php") was successful, 0 body bytes, 448 header bytes  	[MsgId: MMSG-26386]
Action.c(64): web_custom_request("json_auth.php_2") started  	[MsgId: MMSG-26355]
Action.c(64): Error: Parameter 'password': Cannot find the line number from which to take the next value. This parameter is defined to use the same line as parameter 'my_email'.	[MsgId: MERR-13894]
End auto log messages stack.	[MsgId: MMSG-10544]


Start auto log messages stack.	[MsgId: MMSG-10546]
Ending iteration 16.	[MsgId: MMSG-15965]
Starting iteration 17.	[MsgId: MMSG-15968]
Error: Parameter 'password': Cannot find the line number from which to take the next value. This parameter is defined to use the same line as parameter 'my_email'.	[MsgId: MERR-13894]
Start auto log messages stack - Iteration 17.	[MsgId: MMSG-10545]
Action.c(35): web_url("www.mail.nic.ru") started  	[MsgId: MMSG-26355]
Action.c(35): Registered web_reg_find successful for "Text=Электронная почта от RU-CENTER" (count=1)  	[MsgId: MMSG-26364]
Action.c(35): web_url("www.mail.nic.ru") was successful, 1575 body bytes, 239 header bytes  	[MsgId: MMSG-26386]
Action.c(45): Notify: Transaction "0_homepage" ended with a "Pass" status (Duration: 0,0342 Wasted Time: 0,0008).	[MsgId: MMSG-16871]
Action.c(51): Notify: Transaction "1_login" started.	[MsgId: MMSG-16999]
Action.c(53): web_custom_request("json_auth.php") started  	[MsgId: MMSG-26355]
Action.c(53): web_custom_request("json_auth.php") was successful, 0 body bytes, 448 header bytes  	[MsgId: MMSG-26386]
Action.c(64): web_custom_request("json_auth.php_2") started  	[MsgId: MMSG-26355]
Action.c(64): Error: Parameter 'password': Cannot find the line number from which to take the next value. This parameter is defined to use the same line as parameter 'my_email'.	[MsgId: MERR-13894]
End auto log messages stack.	[MsgId: MMSG-10544]


Action.c(64): Error -26547: Authentication required, please use "web_set_user", e.g. web_set_user("domain\\user", "password", "host:port");  	[MsgId: MERR-26547]
Action.c(64): Error -26630: HTTP Status-Code=401 (Unauthorized) for "https://mail.nic.ru/proxy/json_auth.php"  	[MsgId: MERR-26630]
End auto log messages stack.	[MsgId: MMSG-10544]


Start auto log messages stack.	[MsgId: MMSG-10546]
Ending iteration 1.	[MsgId: MMSG-15965]
Starting iteration 2.	[MsgId: MMSG-15968]
Error: Parameter 'password': Cannot find the line number from which to take the next value. This parameter is defined to use the same line as parameter 'my_email'.	[MsgId: MERR-13894]
Start auto log messages stack - Iteration 2.	[MsgId: MMSG-10545]
Action.c(35): web_url("www.mail.nic.ru") started  	[MsgId: MMSG-26355]
Action.c(35): Registered web_reg_find successful for "Text=Электронная почта от RU-CENTER" (count=1)  	[MsgId: MMSG-26364]
Action.c(35): web_url("www.mail.nic.ru") was successful, 1575 body bytes, 239 header bytes  	[MsgId: MMSG-26386]
Action.c(45): Notify: Transaction "0_homepage" ended with a "Pass" status (Duration: 0,0304 Wasted Time: 0,0008).	[MsgId: MMSG-16871]
Action.c(51): Notify: Transaction "1_login" started.	[MsgId: MMSG-16999]
Action.c(53): web_custom_request("json_auth.php") started  	[MsgId: MMSG-26355]
Action.c(53): web_custom_request("json_auth.php") was successful, 0 body bytes, 448 header bytes  	[MsgId: MMSG-26386]
Action.c(64): web_custom_request("json_auth.php_2") started  	[MsgId: MMSG-26355]
Action.c(64): Error: Parameter 'password': Cannot find the line number from which to take the next value. This parameter is defined to use the same line as parameter 'my_email'.	[MsgId: MERR-13894]
Start auto log messages stack.	[MsgId: MMSG-10546]
Ending iteration 17.	[MsgId: MMSG-15965]
Starting iteration 18.	[MsgId: MMSG-15968]
Error: Parameter 'password': Cannot find the line number from which to take the next value. This parameter is defined to use the same line as parameter 'my_email'.	[MsgId: MERR-13894]
Start auto log messages stack - Iteration 18.	[MsgId: MMSG-10545]
Action.c(35): web_url("www.mail.nic.ru") started  	[MsgId: MMSG-26355]
Action.c(35): Registered web_reg_find successful for "Text=Электронная почта от RU-CENTER" (count=1)  	[MsgId: MMSG-26364]
Action.c(35): web_url("www.mail.nic.ru") was successful, 1575 body bytes, 239 header bytes  	[MsgId: MMSG-26386]
Action.c(45): Notify: Transaction "0_homepage" ended with a "Pass" status (Duration: 0,0338 Wasted Time: 0,0012).	[MsgId: MMSG-16871]
Action.c(51): Notify: Transaction "1_login" started.	[MsgId: MMSG-16999]
Action.c(53): web_custom_request("json_auth.php") started  	[MsgId: MMSG-26355]
Action.c(53): web_custom_request("json_auth.php") was successful, 0 body bytes, 448 header bytes  	[MsgId: MMSG-26386]
Action.c(64): web_custom_request("json_auth.php_2") started  	[MsgId: MMSG-26355]
Action.c(64): Error: Parameter 'password': Cannot find the line number from which to take the next value. This parameter is defined to use the same line as parameter 'my_email'.	[MsgId: MERR-13894]
End auto log messages stack.	[MsgId: MMSG-10544]


Start auto log messages stack.	[MsgId: MMSG-10546]
Ending iteration 18.	[MsgId: MMSG-15965]
Starting iteration 19.	[MsgId: MMSG-15968]
Error: Parameter 'password': Cannot find the line number from which to take the next value. This parameter is defined to use the same line as parameter 'my_email'.	[MsgId: MERR-13894]
Start auto log messages stack - Iteration 19.	[MsgId: MMSG-10545]
Action.c(35): web_url("www.mail.nic.ru") started  	[MsgId: MMSG-26355]
Action.c(35): Registered web_reg_find successful for "Text=Электронная почта от RU-CENTER" (count=1)  	[MsgId: MMSG-26364]
Action.c(35): web_url("www.mail.nic.ru") was successful, 1575 body bytes, 239 header bytes  	[MsgId: MMSG-26386]
Action.c(45): Notify: Transaction "0_homepage" ended with a "Pass" status (Duration: 0,0371 Wasted Time: 0,0013).	[MsgId: MMSG-16871]
Action.c(51): Notify: Transaction "1_login" started.	[MsgId: MMSG-16999]
Action.c(53): web_custom_request("json_auth.php") started  	[MsgId: MMSG-26355]
Action.c(53): web_custom_request("json_auth.php") was successful, 0 body bytes, 448 header bytes  	[MsgId: MMSG-26386]
Action.c(64): web_custom_request("json_auth.php_2") started  	[MsgId: MMSG-26355]
Action.c(64): Error: Parameter 'password': Cannot find the line number from which to take the next value. This parameter is defined to use the same line as parameter 'my_email'.	[MsgId: MERR-13894]
End auto log messages stack.	[MsgId: MMSG-10544]


Start auto log messages stack.	[MsgId: MMSG-10546]
Ending iteration 19.	[MsgId: MMSG-15965]
Starting iteration 20.	[MsgId: MMSG-15968]
Error: Parameter 'password': Cannot find the line number from which to take the next value. This parameter is defined to use the same line as parameter 'my_email'.	[MsgId: MERR-13894]
Start auto log messages stack - Iteration 20.	[MsgId: MMSG-10545]
Action.c(35): web_url("www.mail.nic.ru") started  	[MsgId: MMSG-26355]
Action.c(35): Registered web_reg_find successful for "Text=Электронная почта от RU-CENTER" (count=1)  	[MsgId: MMSG-26364]
Action.c(35): web_url("www.mail.nic.ru") was successful, 1575 body bytes, 239 header bytes  	[MsgId: MMSG-26386]
Action.c(45): Notify: Transaction "0_homepage" ended with a "Pass" status (Duration: 0,0405 Wasted Time: 0,0019).	[MsgId: MMSG-16871]
Action.c(51): Notify: Transaction "1_login" started.	[MsgId: MMSG-16999]
Action.c(53): web_custom_request("json_auth.php") started  	[MsgId: MMSG-26355]
Action.c(53): web_custom_request("json_auth.php") was successful, 0 body bytes, 448 header bytes  	[MsgId: MMSG-26386]
Action.c(64): web_custom_request("json_auth.php_2") started  	[MsgId: MMSG-26355]
Action.c(64): Error: Parameter 'password': Cannot find the line number from which to take the next value. This parameter is defined to use the same line as parameter 'my_email'.	[MsgId: MERR-13894]
End auto log messages stack.	[MsgId: MMSG-10544]


Start auto log messages stack.	[MsgId: MMSG-10546]
Ending iteration 20.	[MsgId: MMSG-15965]
Starting iteration 21.	[MsgId: MMSG-15968]
Error: Parameter 'password': Cannot find the line number from which to take the next value. This parameter is defined to use the same line as parameter 'my_email'.	[MsgId: MERR-13894]
Start auto log messages stack - Iteration 21.	[MsgId: MMSG-10545]
Action.c(35): web_url("www.mail.nic.ru") started  	[MsgId: MMSG-26355]
Action.c(35): Registered web_reg_find successful for "Text=Электронная почта от RU-CENTER" (count=1)  	[MsgId: MMSG-26364]
Action.c(35): web_url("www.mail.nic.ru") was successful, 1575 body bytes, 239 header bytes  	[MsgId: MMSG-26386]
Action.c(45): Notify: Transaction "0_homepage" ended with a "Pass" status (Duration: 0,0319 Wasted Time: 0,0012).	[MsgId: MMSG-16871]
Action.c(51): Notify: Transaction "1_login" started.	[MsgId: MMSG-16999]
Action.c(53): web_custom_request("json_auth.php") started  	[MsgId: MMSG-26355]
Action.c(53): web_custom_request("json_auth.php") was successful, 0 body bytes, 448 header bytes  	[MsgId: MMSG-26386]
Action.c(64): web_custom_request("json_auth.php_2") started  	[MsgId: MMSG-26355]
Action.c(64): Error: Parameter 'password': Cannot find the line number from which to take the next value. This parameter is defined to use the same line as parameter 'my_email'.	[MsgId: MERR-13894]
End auto log messages stack.	[MsgId: MMSG-10544]


Action.c(64): Error -26547: Authentication required, please use "web_set_user", e.g. web_set_user("domain\\user", "password", "host:port");  	[MsgId: MERR-26547]
Action.c(64): Error -26630: HTTP Status-Code=401 (Unauthorized) for "https://mail.nic.ru/proxy/json_auth.php"  	[MsgId: MERR-26630]
End auto log messages stack.	[MsgId: MMSG-10544]


Start auto log messages stack.	[MsgId: MMSG-10546]
Ending iteration 2.	[MsgId: MMSG-15965]
Starting iteration 3.	[MsgId: MMSG-15968]
Error: Parameter 'password': Cannot find the line number from which to take the next value. This parameter is defined to use the same line as parameter 'my_email'.	[MsgId: MERR-13894]
Start auto log messages stack - Iteration 3.	[MsgId: MMSG-10545]
Action.c(35): web_url("www.mail.nic.ru") started  	[MsgId: MMSG-26355]
Action.c(35): Registered web_reg_find successful for "Text=Электронная почта от RU-CENTER" (count=1)  	[MsgId: MMSG-26364]
Action.c(35): web_url("www.mail.nic.ru") was successful, 1575 body bytes, 239 header bytes  	[MsgId: MMSG-26386]
Action.c(45): Notify: Transaction "0_homepage" ended with a "Pass" status (Duration: 0,0274 Wasted Time: 0,0007).	[MsgId: MMSG-16871]
Action.c(51): Notify: Transaction "1_login" started.	[MsgId: MMSG-16999]
Action.c(53): web_custom_request("json_auth.php") started  	[MsgId: MMSG-26355]
Action.c(53): web_custom_request("json_auth.php") was successful, 0 body bytes, 448 header bytes  	[MsgId: MMSG-26386]
Action.c(64): web_custom_request("json_auth.php_2") started  	[MsgId: MMSG-26355]
Action.c(64): Error: Parameter 'password': Cannot find the line number from which to take the next value. This parameter is defined to use the same line as parameter 'my_email'.	[MsgId: MERR-13894]
Start auto log messages stack.	[MsgId: MMSG-10546]
Ending iteration 21.	[MsgId: MMSG-15965]
Starting iteration 22.	[MsgId: MMSG-15968]
Error: Parameter 'password': Cannot find the line number from which to take the next value. This parameter is defined to use the same line as parameter 'my_email'.	[MsgId: MERR-13894]
Start auto log messages stack - Iteration 22.	[MsgId: MMSG-10545]
Action.c(35): web_url("www.mail.nic.ru") started  	[MsgId: MMSG-26355]
Action.c(35): Registered web_reg_find successful for "Text=Электронная почта от RU-CENTER" (count=1)  	[MsgId: MMSG-26364]
Action.c(35): web_url("www.mail.nic.ru") was successful, 1575 body bytes, 239 header bytes  	[MsgId: MMSG-26386]
Action.c(45): Notify: Transaction "0_homepage" ended with a "Pass" status (Duration: 0,0317 Wasted Time: 0,0012).	[MsgId: MMSG-16871]
Action.c(51): Notify: Transaction "1_login" started.	[MsgId: MMSG-16999]
Action.c(53): web_custom_request("json_auth.php") started  	[MsgId: MMSG-26355]
Action.c(53): web_custom_request("json_auth.php") was successful, 0 body bytes, 448 header bytes  	[MsgId: MMSG-26386]
Action.c(64): web_custom_request("json_auth.php_2") started  	[MsgId: MMSG-26355]
Action.c(64): Error: Parameter 'password': Cannot find the line number from which to take the next value. This parameter is defined to use the same line as parameter 'my_email'.	[MsgId: MERR-13894]
End auto log messages stack.	[MsgId: MMSG-10544]


Start auto log messages stack.	[MsgId: MMSG-10546]
Ending iteration 22.	[MsgId: MMSG-15965]
Starting iteration 23.	[MsgId: MMSG-15968]
Error: Parameter 'password': Cannot find the line number from which to take the next value. This parameter is defined to use the same line as parameter 'my_email'.	[MsgId: MERR-13894]
Start auto log messages stack - Iteration 23.	[MsgId: MMSG-10545]
Action.c(35): web_url("www.mail.nic.ru") started  	[MsgId: MMSG-26355]
Action.c(35): Registered web_reg_find successful for "Text=Электронная почта от RU-CENTER" (count=1)  	[MsgId: MMSG-26364]
Action.c(35): web_url("www.mail.nic.ru") was successful, 1575 body bytes, 239 header bytes  	[MsgId: MMSG-26386]
Action.c(45): Notify: Transaction "0_homepage" ended with a "Pass" status (Duration: 0,0317 Wasted Time: 0,0011).	[MsgId: MMSG-16871]
Action.c(51): Notify: Transaction "1_login" started.	[MsgId: MMSG-16999]
Action.c(53): web_custom_request("json_auth.php") started  	[MsgId: MMSG-26355]
Action.c(53): web_custom_request("json_auth.php") was successful, 0 body bytes, 448 header bytes  	[MsgId: MMSG-26386]
Action.c(64): web_custom_request("json_auth.php_2") started  	[MsgId: MMSG-26355]
Action.c(64): Error: Parameter 'password': Cannot find the line number from which to take the next value. This parameter is defined to use the same line as parameter 'my_email'.	[MsgId: MERR-13894]
End auto log messages stack.	[MsgId: MMSG-10544]


Start auto log messages stack.	[MsgId: MMSG-10546]
Ending iteration 23.	[MsgId: MMSG-15965]
Starting iteration 24.	[MsgId: MMSG-15968]
Error: Parameter 'password': Cannot find the line number from which to take the next value. This parameter is defined to use the same line as parameter 'my_email'.	[MsgId: MERR-13894]
Start auto log messages stack - Iteration 24.	[MsgId: MMSG-10545]
Action.c(35): web_url("www.mail.nic.ru") started  	[MsgId: MMSG-26355]
Action.c(35): Registered web_reg_find successful for "Text=Электронная почта от RU-CENTER" (count=1)  	[MsgId: MMSG-26364]
Action.c(35): web_url("www.mail.nic.ru") was successful, 1575 body bytes, 239 header bytes  	[MsgId: MMSG-26386]
Action.c(45): Notify: Transaction "0_homepage" ended with a "Pass" status (Duration: 0,0384 Wasted Time: 0,0017).	[MsgId: MMSG-16871]
Action.c(51): Notify: Transaction "1_login" started.	[MsgId: MMSG-16999]
Action.c(53): web_custom_request("json_auth.php") started  	[MsgId: MMSG-26355]
Action.c(53): web_custom_request("json_auth.php") was successful, 0 body bytes, 448 header bytes  	[MsgId: MMSG-26386]
Action.c(64): web_custom_request("json_auth.php_2") started  	[MsgId: MMSG-26355]
Action.c(64): Error: Parameter 'password': Cannot find the line number from which to take the next value. This parameter is defined to use the same line as parameter 'my_email'.	[MsgId: MERR-13894]
End auto log messages stack.	[MsgId: MMSG-10544]


Start auto log messages stack.	[MsgId: MMSG-10546]
Ending iteration 24.	[MsgId: MMSG-15965]
Starting iteration 25.	[MsgId: MMSG-15968]
Error: Parameter 'password': Cannot find the line number from which to take the next value. This parameter is defined to use the same line as parameter 'my_email'.	[MsgId: MERR-13894]
Start auto log messages stack - Iteration 25.	[MsgId: MMSG-10545]
Action.c(35): web_url("www.mail.nic.ru") started  	[MsgId: MMSG-26355]
Action.c(35): Registered web_reg_find successful for "Text=Электронная почта от RU-CENTER" (count=1)  	[MsgId: MMSG-26364]
Action.c(35): web_url("www.mail.nic.ru") was successful, 1575 body bytes, 239 header bytes  	[MsgId: MMSG-26386]
Action.c(45): Notify: Transaction "0_homepage" ended with a "Pass" status (Duration: 0,0258 Wasted Time: 0,0007).	[MsgId: MMSG-16871]
Action.c(51): Notify: Transaction "1_login" started.	[MsgId: MMSG-16999]
Action.c(53): web_custom_request("json_auth.php") started  	[MsgId: MMSG-26355]
Action.c(53): web_custom_request("json_auth.php") was successful, 0 body bytes, 448 header bytes  	[MsgId: MMSG-26386]
Action.c(64): web_custom_request("json_auth.php_2") started  	[MsgId: MMSG-26355]
Action.c(64): Error: Parameter 'password': Cannot find the line number from which to take the next value. This parameter is defined to use the same line as parameter 'my_email'.	[MsgId: MERR-13894]
End auto log messages stack.	[MsgId: MMSG-10544]


Action.c(64): Error -26547: Authentication required, please use "web_set_user", e.g. web_set_user("domain\\user", "password", "host:port");  	[MsgId: MERR-26547]
Action.c(64): Error -26630: HTTP Status-Code=401 (Unauthorized) for "https://mail.nic.ru/proxy/json_auth.php"  	[MsgId: MERR-26630]
End auto log messages stack.	[MsgId: MMSG-10544]


