Error: missing newline in C:\Users\lol\Documents\VuGen\Scripts\gmail_record\title.dat	[MsgId: MERR-13874]
Error: missing newline in C:\Users\lol\Documents\VuGen\Scripts\gmail_record\email_pswd.dat	[MsgId: MERR-13874]
Error: missing newline in C:\Users\lol\Documents\VuGen\Scripts\gmail_record\adr_email.dat	[MsgId: MERR-13874]
Error: missing newline in C:\Users\lol\Documents\VuGen\Scripts\gmail_record\signature.dat	[MsgId: MERR-13874]
Start auto log messages stack - Iteration 101.	[MsgId: MMSG-10545]
Action.c(35): Found resource "https://www.mail.nic.ru/js/bundle.b90153805f5b1456af65.js" in HTML "https://www.mail.nic.ru/"  	[MsgId: MMSG-26659]
Action.c(35): Warning -26604: Unsupported "Content-Encoding"  	[MsgId: MWAR-26604]
Action.c(35): Registered web_reg_find successful for "Text=Электронная почта от RU-CENTER" (count=1)  	[MsgId: MMSG-26364]
Action.c(35): web_url("www.mail.nic.ru") highest severity level was "warning", 327508 body bytes, 1931 header bytes  	[MsgId: MMSG-26388]
Action.c(45): Notify: Transaction "0_homepage" ended with a "Pass" status (Duration: 3,1279 Wasted Time: 0,0026).	[MsgId: MMSG-16871]
Action.c(51): Notify: Transaction "1_login" started.	[MsgId: MMSG-16999]
Action.c(53): web_custom_request("json_auth.php") started  	[MsgId: MMSG-26355]
Action.c(53): Error -27792: Failed to connect to server "mail.nic.ru:443": [10060] Connection timed out  	[MsgId: MERR-27792]
End auto log messages stack.	[MsgId: MMSG-10544]


Start auto log messages stack - Iteration 116.	[MsgId: MMSG-10545]
Starting action Action.	[MsgId: MMSG-15919]
Action.c(27): Notify: Transaction "0_homepage" started.	[MsgId: MMSG-16999]
Action.c(29): web_set_sockets_option started  	[MsgId: MMSG-26355]
Action.c(29): web_set_sockets_option was successful  	[MsgId: MMSG-26392]
Action.c(31): web_reg_find started  	[MsgId: MMSG-26355]
Action.c(31): Registering web_reg_find was successful  	[MsgId: MMSG-26390]
Action.c(35): web_url("www.mail.nic.ru") started  	[MsgId: MMSG-26355]
Action.c(35): Error -27792: Failed to connect to server "www.mail.nic.ru:443": [10060] Connection timed out  	[MsgId: MERR-27792]
Action.c(35): Error -26366: "Text=Электронная почта от RU-CENTER" not found for web_reg_find  	[MsgId: MERR-26366]
Action.c(35): Error -26374: The above "not found" error(s) may be explained by header and body byte counts being 0 and 0, respectively.  	[MsgId: MERR-26374]
End auto log messages stack.	[MsgId: MMSG-10544]


Start auto log messages stack - Iteration 137.	[MsgId: MMSG-10545]
Starting action Action.	[MsgId: MMSG-15919]
Action.c(27): Notify: Transaction "0_homepage" started.	[MsgId: MMSG-16999]
Action.c(29): web_set_sockets_option started  	[MsgId: MMSG-26355]
Action.c(29): web_set_sockets_option was successful  	[MsgId: MMSG-26392]
Action.c(31): web_reg_find started  	[MsgId: MMSG-26355]
Action.c(31): Registering web_reg_find was successful  	[MsgId: MMSG-26390]
Action.c(35): web_url("www.mail.nic.ru") started  	[MsgId: MMSG-26355]
Action.c(35): Error -27792: Failed to connect to server "www.mail.nic.ru:443": [10060] Connection timed out  	[MsgId: MERR-27792]
Action.c(35): Error -26366: "Text=Электронная почта от RU-CENTER" not found for web_reg_find  	[MsgId: MERR-26366]
Action.c(35): Error -26374: The above "not found" error(s) may be explained by header and body byte counts being 0 and 0, respectively.  	[MsgId: MERR-26374]
End auto log messages stack.	[MsgId: MMSG-10544]


Start auto log messages stack - Iteration 75.	[MsgId: MMSG-10545]
Action.c(246): web_url("roundcubemail_6") was successful, 51242 body bytes, 468 header bytes, 126 chunking overhead bytes  	[MsgId: MMSG-26385]
Action.c(256): Notify: Transaction "3_sent" ended with a "Pass" status (Duration: 0,3556 Wasted Time: 0,0002).	[MsgId: MMSG-16871]
Action.c(261): Notify: Transaction "4_logout" started.	[MsgId: MMSG-16999]
Action.c(263): web_reg_find started  	[MsgId: MMSG-26355]
Action.c(263): Registering web_reg_find was successful  	[MsgId: MMSG-26390]
Action.c(267): web_url("roundcubemail_7") started  	[MsgId: MMSG-26355]
Action.c(267): Redirecting "https://mail.nic.ru/roundcubemail/?_task=logout&_token=d74d5ef9ca2af9b0b8b7c73e040db18a" (redirection depth is 0)  	[MsgId: MMSG-26694]
Action.c(267): To location "http://mail.nic.ru/"  	[MsgId: MMSG-26693]
Action.c(267): Error -27792: Failed to connect to server "mail.nic.ru:80": [10060] Connection timed out  	[MsgId: MERR-27792]
Action.c(267): Error -26366: "Text=RU-CENTER" not found for web_reg_find  	[MsgId: MERR-26366]
Action.c(267): Error -26374: The above "not found" error(s) may be explained by header and body byte counts being 650 and 0, respectively.  	[MsgId: MERR-26374]
End auto log messages stack.	[MsgId: MMSG-10544]


Start auto log messages stack - Iteration 80.	[MsgId: MMSG-10545]
Action.c(35): Warning -27792: Failed to connect to server "fonts.googleapis.com:443": [10060] Connection timed out  	[MsgId: MWAR-27792]
Action.c(35): Warning -27792: Failed to connect to server "www.mail.nic.ru:443": [10060] Connection timed out  	[MsgId: MWAR-27792]
Action.c(35): Registered web_reg_find successful for "Text=Электронная почта от RU-CENTER" (count=1)  	[MsgId: MMSG-26364]
Action.c(35): web_url("www.mail.nic.ru") highest severity level was "warning", 102219 body bytes, 984 header bytes  	[MsgId: MMSG-26388]
Action.c(45): Notify: Transaction "0_homepage" ended with a "Pass" status (Duration: 21,0577 Wasted Time: 0,0018).	[MsgId: MMSG-16871]
Action.c(51): Notify: Transaction "1_login" started.	[MsgId: MMSG-16999]
Action.c(53): web_custom_request("json_auth.php") started  	[MsgId: MMSG-26355]
Action.c(53): Error -27792: Failed to connect to server "mail.nic.ru:443": [10060] Connection timed out  	[MsgId: MERR-27792]
End auto log messages stack.	[MsgId: MMSG-10544]


Start auto log messages stack - Iteration 166.	[MsgId: MMSG-10545]
Action.c(35): Found resource "https://www.mail.nic.ru/js/bundle.b90153805f5b1456af65.js" in HTML "https://www.mail.nic.ru/"  	[MsgId: MMSG-26659]
Action.c(35): Warning -26604: Unsupported "Content-Encoding"  	[MsgId: MWAR-26604]
Action.c(35): Registered web_reg_find successful for "Text=Электронная почта от RU-CENTER" (count=1)  	[MsgId: MMSG-26364]
Action.c(35): web_url("www.mail.nic.ru") highest severity level was "warning", 327508 body bytes, 1931 header bytes  	[MsgId: MMSG-26388]
Action.c(45): Notify: Transaction "0_homepage" ended with a "Pass" status (Duration: 0,1601 Wasted Time: 0,0028).	[MsgId: MMSG-16871]
Action.c(51): Notify: Transaction "1_login" started.	[MsgId: MMSG-16999]
Action.c(53): web_custom_request("json_auth.php") started  	[MsgId: MMSG-26355]
Action.c(53): Error -27792: Failed to connect to server "mail.nic.ru:443": [10060] Connection timed out  	[MsgId: MERR-27792]
End auto log messages stack.	[MsgId: MMSG-10544]


Start auto log messages stack - Iteration 90.	[MsgId: MMSG-10545]
Action.c(35): Warning -26604: Unsupported "Content-Encoding"  	[MsgId: MWAR-26604]
Action.c(35): Warning -27792: Failed to connect to server "www.mail.nic.ru:443": [10060] Connection timed out  	[MsgId: MWAR-27792]
Action.c(35): Registered web_reg_find successful for "Text=Электронная почта от RU-CENTER" (count=1)  	[MsgId: MMSG-26364]
Action.c(35): web_url("www.mail.nic.ru") highest severity level was "warning", 102833 body bytes, 1675 header bytes  	[MsgId: MMSG-26388]
Action.c(45): Notify: Transaction "0_homepage" ended with a "Pass" status (Duration: 21,0895 Wasted Time: 0,0018).	[MsgId: MMSG-16871]
Action.c(51): Notify: Transaction "1_login" started.	[MsgId: MMSG-16999]
Action.c(53): web_custom_request("json_auth.php") started  	[MsgId: MMSG-26355]
Action.c(53): Error -27792: Failed to connect to server "mail.nic.ru:443": [10060] Connection timed out  	[MsgId: MERR-27792]
End auto log messages stack.	[MsgId: MMSG-10544]


Start auto log messages stack - Iteration 132.	[MsgId: MMSG-10545]
Action.c(246): web_url("roundcubemail_6") was successful, 51242 body bytes, 468 header bytes, 127 chunking overhead bytes  	[MsgId: MMSG-26385]
Action.c(256): Notify: Transaction "3_sent" ended with a "Pass" status (Duration: 0,3554 Wasted Time: 0,0002).	[MsgId: MMSG-16871]
Action.c(261): Notify: Transaction "4_logout" started.	[MsgId: MMSG-16999]
Action.c(263): web_reg_find started  	[MsgId: MMSG-26355]
Action.c(263): Registering web_reg_find was successful  	[MsgId: MMSG-26390]
Action.c(267): web_url("roundcubemail_7") started  	[MsgId: MMSG-26355]
Action.c(267): Redirecting "https://mail.nic.ru/roundcubemail/?_task=logout&_token=18fd2caa5f01d1e942c541e349dd6142" (redirection depth is 0)  	[MsgId: MMSG-26694]
Action.c(267): To location "http://mail.nic.ru/"  	[MsgId: MMSG-26693]
Action.c(267): Error -27792: Failed to connect to server "mail.nic.ru:80": [10060] Connection timed out  	[MsgId: MERR-27792]
Action.c(267): Error -26366: "Text=RU-CENTER" not found for web_reg_find  	[MsgId: MERR-26366]
Action.c(267): Error -26374: The above "not found" error(s) may be explained by header and body byte counts being 650 and 0, respectively.  	[MsgId: MERR-26374]
End auto log messages stack.	[MsgId: MMSG-10544]


