Start auto log messages stack - Iteration 217.	[MsgId: MMSG-10545]
Action.c(35): web_url("www.mail.nic.ru") started  	[MsgId: MMSG-26355]
Action.c(35): Registered web_reg_find successful for "Text=Электронная почта от RU-CENTER" (count=1)  	[MsgId: MMSG-26364]
Action.c(35): web_url("www.mail.nic.ru") was successful, 1575 body bytes, 239 header bytes  	[MsgId: MMSG-26386]
Action.c(45): Notify: Transaction "0_homepage" ended with a "Pass" status (Duration: 0,0390 Wasted Time: 0,0015).	[MsgId: MMSG-16871]
Action.c(51): Notify: Transaction "1_login" started.	[MsgId: MMSG-16999]
Action.c(53): web_custom_request("json_auth.php") started  	[MsgId: MMSG-26355]
Action.c(53): web_custom_request("json_auth.php") was successful, 0 body bytes, 448 header bytes  	[MsgId: MMSG-26386]
Action.c(64): web_custom_request("json_auth.php_2") started  	[MsgId: MMSG-26355]
Action.c(64): Error -26612: HTTP Status-Code=500 (Internal Server Error) for "https://mail.nic.ru/proxy/json_auth.php"  	[MsgId: MERR-26612]
End auto log messages stack.	[MsgId: MMSG-10544]


Start auto log messages stack - Iteration 254.	[MsgId: MMSG-10545]
Action.c(64): web_custom_request("json_auth.php_2") was successful, 91 body bytes, 678 header bytes, 11 chunking overhead bytes  	[MsgId: MMSG-26385]
Action.c(84): web_reg_save_param_regexp started  	[MsgId: MMSG-26355]
Action.c(84): Registering web_reg_save_param_regexp was successful  	[MsgId: MMSG-26390]
Action.c(95): web_reg_find started  	[MsgId: MMSG-26355]
Action.c(95): Registering web_reg_find was successful  	[MsgId: MMSG-26390]
Action.c(99): web_url("roundcubemail") started  	[MsgId: MMSG-26355]
Action.c(99): Detected non-resource "https://mail.nic.ru/roundcubemail/skins/outlook/watermark.html" in "https://mail.nic.ru/roundcubemail/?_task=mail"  	[MsgId: MMSG-26574]
Action.c(99): Error -27792: Failed to connect to server "mail.nic.ru:443": [10060] Connection timed out  	[MsgId: MERR-27792]
End auto log messages stack.	[MsgId: MMSG-10544]


Start auto log messages stack - Iteration 244.	[MsgId: MMSG-10545]
Starting action Action.	[MsgId: MMSG-15919]
Action.c(27): Notify: Transaction "0_homepage" started.	[MsgId: MMSG-16999]
Action.c(29): web_set_sockets_option started  	[MsgId: MMSG-26355]
Action.c(29): web_set_sockets_option was successful  	[MsgId: MMSG-26392]
Action.c(31): web_reg_find started  	[MsgId: MMSG-26355]
Action.c(31): Registering web_reg_find was successful  	[MsgId: MMSG-26390]
Action.c(35): web_url("www.mail.nic.ru") started  	[MsgId: MMSG-26355]
Action.c(35): Error -27792: Failed to connect to server "www.mail.nic.ru:443": [10060] Connection timed out  	[MsgId: MERR-27792]
Action.c(35): Error -26366: "Text=Электронная почта от RU-CENTER" not found for web_reg_find  	[MsgId: MERR-26366]
Action.c(35): Error -26374: The above "not found" error(s) may be explained by header and body byte counts being 0 and 0, respectively.  	[MsgId: MERR-26374]
End auto log messages stack.	[MsgId: MMSG-10544]


Start auto log messages stack - Iteration 256.	[MsgId: MMSG-10545]
Action.c(29): web_set_sockets_option was successful  	[MsgId: MMSG-26392]
Action.c(31): web_reg_find started  	[MsgId: MMSG-26355]
Action.c(31): Registering web_reg_find was successful  	[MsgId: MMSG-26390]
Action.c(35): web_url("www.mail.nic.ru") started  	[MsgId: MMSG-26355]
Action.c(35): Registered web_reg_find successful for "Text=Электронная почта от RU-CENTER" (count=1)  	[MsgId: MMSG-26364]
Action.c(35): web_url("www.mail.nic.ru") was successful, 1575 body bytes, 239 header bytes  	[MsgId: MMSG-26386]
Action.c(45): Notify: Transaction "0_homepage" ended with a "Pass" status (Duration: 3,0572 Wasted Time: 0,0015).	[MsgId: MMSG-16871]
Action.c(51): Notify: Transaction "1_login" started.	[MsgId: MMSG-16999]
Action.c(53): web_custom_request("json_auth.php") started  	[MsgId: MMSG-26355]
Action.c(53): Error -27792: Failed to connect to server "mail.nic.ru:443": [10060] Connection timed out  	[MsgId: MERR-27792]
End auto log messages stack.	[MsgId: MMSG-10544]


Start auto log messages stack - Iteration 246.	[MsgId: MMSG-10545]
Action.c(29): web_set_sockets_option was successful  	[MsgId: MMSG-26392]
Action.c(31): web_reg_find started  	[MsgId: MMSG-26355]
Action.c(31): Registering web_reg_find was successful  	[MsgId: MMSG-26390]
Action.c(35): web_url("www.mail.nic.ru") started  	[MsgId: MMSG-26355]
Action.c(35): Registered web_reg_find successful for "Text=Электронная почта от RU-CENTER" (count=1)  	[MsgId: MMSG-26364]
Action.c(35): web_url("www.mail.nic.ru") was successful, 1575 body bytes, 239 header bytes  	[MsgId: MMSG-26386]
Action.c(45): Notify: Transaction "0_homepage" ended with a "Pass" status (Duration: 9,0414 Wasted Time: 0,0015).	[MsgId: MMSG-16871]
Action.c(51): Notify: Transaction "1_login" started.	[MsgId: MMSG-16999]
Action.c(53): web_custom_request("json_auth.php") started  	[MsgId: MMSG-26355]
Action.c(53): Error -27792: Failed to connect to server "mail.nic.ru:443": [10060] Connection timed out  	[MsgId: MERR-27792]
End auto log messages stack.	[MsgId: MMSG-10544]


Start auto log messages stack - Iteration 257.	[MsgId: MMSG-10545]
Starting action Action.	[MsgId: MMSG-15919]
Action.c(27): Notify: Transaction "0_homepage" started.	[MsgId: MMSG-16999]
Action.c(29): web_set_sockets_option started  	[MsgId: MMSG-26355]
Action.c(29): web_set_sockets_option was successful  	[MsgId: MMSG-26392]
Action.c(31): web_reg_find started  	[MsgId: MMSG-26355]
Action.c(31): Registering web_reg_find was successful  	[MsgId: MMSG-26390]
Action.c(35): web_url("www.mail.nic.ru") started  	[MsgId: MMSG-26355]
Action.c(35): Error -27792: Failed to connect to server "www.mail.nic.ru:443": [10060] Connection timed out  	[MsgId: MERR-27792]
Action.c(35): Error -26366: "Text=Электронная почта от RU-CENTER" not found for web_reg_find  	[MsgId: MERR-26366]
Action.c(35): Error -26374: The above "not found" error(s) may be explained by header and body byte counts being 0 and 0, respectively.  	[MsgId: MERR-26374]
End auto log messages stack.	[MsgId: MMSG-10544]


Start auto log messages stack - Iteration 247.	[MsgId: MMSG-10545]
Action.c(247): web_url("roundcubemail_6") was successful, 51242 body bytes, 468 header bytes, 119 chunking overhead bytes  	[MsgId: MMSG-26385]
Action.c(257): Notify: Transaction "3_sent" ended with a "Pass" status (Duration: 0,3523 Wasted Time: 0,0002).	[MsgId: MMSG-16871]
Action.c(262): Notify: Transaction "4_logout" started.	[MsgId: MMSG-16999]
Action.c(264): web_reg_find started  	[MsgId: MMSG-26355]
Action.c(264): Registering web_reg_find was successful  	[MsgId: MMSG-26390]
Action.c(268): web_url("roundcubemail_7") started  	[MsgId: MMSG-26355]
Action.c(268): Redirecting "https://mail.nic.ru/roundcubemail/?_task=logout&_token=656291fd17f2a60a36efbdb2527d2ec1" (redirection depth is 0)  	[MsgId: MMSG-26694]
Action.c(268): To location "http://mail.nic.ru/"  	[MsgId: MMSG-26693]
Action.c(268): Error -27792: Failed to connect to server "mail.nic.ru:80": [10060] Connection timed out  	[MsgId: MERR-27792]
Action.c(268): Error -26366: "Text=RU-CENTER" not found for web_reg_find  	[MsgId: MERR-26366]
Action.c(268): Error -26374: The above "not found" error(s) may be explained by header and body byte counts being 650 and 0, respectively.  	[MsgId: MERR-26374]
End auto log messages stack.	[MsgId: MMSG-10544]


Start auto log messages stack - Iteration 258.	[MsgId: MMSG-10545]
Starting action Action.	[MsgId: MMSG-15919]
Action.c(27): Notify: Transaction "0_homepage" started.	[MsgId: MMSG-16999]
Action.c(29): web_set_sockets_option started  	[MsgId: MMSG-26355]
Action.c(29): web_set_sockets_option was successful  	[MsgId: MMSG-26392]
Action.c(31): web_reg_find started  	[MsgId: MMSG-26355]
Action.c(31): Registering web_reg_find was successful  	[MsgId: MMSG-26390]
Action.c(35): web_url("www.mail.nic.ru") started  	[MsgId: MMSG-26355]
Action.c(35): Error -27792: Failed to connect to server "www.mail.nic.ru:443": [10060] Connection timed out  	[MsgId: MERR-27792]
Action.c(35): Error -26366: "Text=Электронная почта от RU-CENTER" not found for web_reg_find  	[MsgId: MERR-26366]
Action.c(35): Error -26374: The above "not found" error(s) may be explained by header and body byte counts being 0 and 0, respectively.  	[MsgId: MERR-26374]
End auto log messages stack.	[MsgId: MMSG-10544]


Start auto log messages stack - Iteration 248.	[MsgId: MMSG-10545]
Action.c(29): web_set_sockets_option was successful  	[MsgId: MMSG-26392]
Action.c(31): web_reg_find started  	[MsgId: MMSG-26355]
Action.c(31): Registering web_reg_find was successful  	[MsgId: MMSG-26390]
Action.c(35): web_url("www.mail.nic.ru") started  	[MsgId: MMSG-26355]
Action.c(35): Registered web_reg_find successful for "Text=Электронная почта от RU-CENTER" (count=1)  	[MsgId: MMSG-26364]
Action.c(35): web_url("www.mail.nic.ru") was successful, 1575 body bytes, 239 header bytes  	[MsgId: MMSG-26386]
Action.c(45): Notify: Transaction "0_homepage" ended with a "Pass" status (Duration: 0,0394 Wasted Time: 0,0016).	[MsgId: MMSG-16871]
Action.c(51): Notify: Transaction "1_login" started.	[MsgId: MMSG-16999]
Action.c(53): web_custom_request("json_auth.php") started  	[MsgId: MMSG-26355]
Action.c(53): Error -27792: Failed to connect to server "mail.nic.ru:443": [10060] Connection timed out  	[MsgId: MERR-27792]
End auto log messages stack.	[MsgId: MMSG-10544]


Start auto log messages stack - Iteration 496.	[MsgId: MMSG-10545]
Starting action Action.	[MsgId: MMSG-15919]
Action.c(27): Notify: Transaction "0_homepage" started.	[MsgId: MMSG-16999]
Action.c(29): web_set_sockets_option started  	[MsgId: MMSG-26355]
Action.c(29): web_set_sockets_option was successful  	[MsgId: MMSG-26392]
Action.c(31): web_reg_find started  	[MsgId: MMSG-26355]
Action.c(31): Registering web_reg_find was successful  	[MsgId: MMSG-26390]
Action.c(35): web_url("www.mail.nic.ru") started  	[MsgId: MMSG-26355]
Action.c(35): Error -27792: Failed to connect to server "www.mail.nic.ru:443": [10060] Connection timed out  	[MsgId: MERR-27792]
Action.c(35): Error -26366: "Text=Электронная почта от RU-CENTER" not found for web_reg_find  	[MsgId: MERR-26366]
Action.c(35): Error -26374: The above "not found" error(s) may be explained by header and body byte counts being 0 and 0, respectively.  	[MsgId: MERR-26374]
End auto log messages stack.	[MsgId: MMSG-10544]


Start auto log messages stack - Iteration 506.	[MsgId: MMSG-10545]
Action.c(29): web_set_sockets_option was successful  	[MsgId: MMSG-26392]
Action.c(31): web_reg_find started  	[MsgId: MMSG-26355]
Action.c(31): Registering web_reg_find was successful  	[MsgId: MMSG-26390]
Action.c(35): web_url("www.mail.nic.ru") started  	[MsgId: MMSG-26355]
Action.c(35): Registered web_reg_find successful for "Text=Электронная почта от RU-CENTER" (count=1)  	[MsgId: MMSG-26364]
Action.c(35): web_url("www.mail.nic.ru") was successful, 1575 body bytes, 239 header bytes  	[MsgId: MMSG-26386]
Action.c(45): Notify: Transaction "0_homepage" ended with a "Pass" status (Duration: 3,0410 Wasted Time: 0,0015).	[MsgId: MMSG-16871]
Action.c(51): Notify: Transaction "1_login" started.	[MsgId: MMSG-16999]
Action.c(53): web_custom_request("json_auth.php") started  	[MsgId: MMSG-26355]
Action.c(53): Error -27792: Failed to connect to server "mail.nic.ru:443": [10060] Connection timed out  	[MsgId: MERR-27792]
End auto log messages stack.	[MsgId: MMSG-10544]


Start auto log messages stack - Iteration 507.	[MsgId: MMSG-10545]
Starting action Action.	[MsgId: MMSG-15919]
Action.c(27): Notify: Transaction "0_homepage" started.	[MsgId: MMSG-16999]
Action.c(29): web_set_sockets_option started  	[MsgId: MMSG-26355]
Action.c(29): web_set_sockets_option was successful  	[MsgId: MMSG-26392]
Action.c(31): web_reg_find started  	[MsgId: MMSG-26355]
Action.c(31): Registering web_reg_find was successful  	[MsgId: MMSG-26390]
Action.c(35): web_url("www.mail.nic.ru") started  	[MsgId: MMSG-26355]
Action.c(35): Error -27792: Failed to connect to server "www.mail.nic.ru:443": [10060] Connection timed out  	[MsgId: MERR-27792]
Action.c(35): Error -26366: "Text=Электронная почта от RU-CENTER" not found for web_reg_find  	[MsgId: MERR-26366]
Action.c(35): Error -26374: The above "not found" error(s) may be explained by header and body byte counts being 0 and 0, respectively.  	[MsgId: MERR-26374]
End auto log messages stack.	[MsgId: MMSG-10544]


Start auto log messages stack - Iteration 508.	[MsgId: MMSG-10545]
Starting action Action.	[MsgId: MMSG-15919]
Action.c(27): Notify: Transaction "0_homepage" started.	[MsgId: MMSG-16999]
Action.c(29): web_set_sockets_option started  	[MsgId: MMSG-26355]
Action.c(29): web_set_sockets_option was successful  	[MsgId: MMSG-26392]
Action.c(31): web_reg_find started  	[MsgId: MMSG-26355]
Action.c(31): Registering web_reg_find was successful  	[MsgId: MMSG-26390]
Action.c(35): web_url("www.mail.nic.ru") started  	[MsgId: MMSG-26355]
Action.c(35): Error -27792: Failed to connect to server "www.mail.nic.ru:443": [10060] Connection timed out  	[MsgId: MERR-27792]
Action.c(35): Error -26366: "Text=Электронная почта от RU-CENTER" not found for web_reg_find  	[MsgId: MERR-26366]
Action.c(35): Error -26374: The above "not found" error(s) may be explained by header and body byte counts being 0 and 0, respectively.  	[MsgId: MERR-26374]
End auto log messages stack.	[MsgId: MMSG-10544]


Start auto log messages stack - Iteration 498.	[MsgId: MMSG-10545]
Action.c(64): web_custom_request("json_auth.php_2") was successful, 91 body bytes, 678 header bytes, 11 chunking overhead bytes  	[MsgId: MMSG-26385]
Action.c(84): web_reg_save_param_regexp started  	[MsgId: MMSG-26355]
Action.c(84): Registering web_reg_save_param_regexp was successful  	[MsgId: MMSG-26390]
Action.c(95): web_reg_find started  	[MsgId: MMSG-26355]
Action.c(95): Registering web_reg_find was successful  	[MsgId: MMSG-26390]
Action.c(99): web_url("roundcubemail") started  	[MsgId: MMSG-26355]
Action.c(99): Detected non-resource "https://mail.nic.ru/roundcubemail/skins/outlook/watermark.html" in "https://mail.nic.ru/roundcubemail/?_task=mail"  	[MsgId: MMSG-26574]
Action.c(99): Error -27792: Failed to connect to server "mail.nic.ru:443": [10060] Connection timed out  	[MsgId: MERR-27792]
End auto log messages stack.	[MsgId: MMSG-10544]


Start auto log messages stack - Iteration 519.	[MsgId: MMSG-10545]
Action.c(64): web_custom_request("json_auth.php_2") was successful, 91 body bytes, 678 header bytes, 11 chunking overhead bytes  	[MsgId: MMSG-26385]
Action.c(84): web_reg_save_param_regexp started  	[MsgId: MMSG-26355]
Action.c(84): Registering web_reg_save_param_regexp was successful  	[MsgId: MMSG-26390]
Action.c(95): web_reg_find started  	[MsgId: MMSG-26355]
Action.c(95): Registering web_reg_find was successful  	[MsgId: MMSG-26390]
Action.c(99): web_url("roundcubemail") started  	[MsgId: MMSG-26355]
Action.c(99): Detected non-resource "https://mail.nic.ru/roundcubemail/skins/outlook/watermark.html" in "https://mail.nic.ru/roundcubemail/?_task=mail"  	[MsgId: MMSG-26574]
Action.c(99): Error -27792: Failed to connect to server "mail.nic.ru:443": [10060] Connection timed out  	[MsgId: MERR-27792]
End auto log messages stack.	[MsgId: MMSG-10544]


Start auto log messages stack - Iteration 504.	[MsgId: MMSG-10545]
Action.c(247): web_url("roundcubemail_6") was successful, 51242 body bytes, 468 header bytes, 126 chunking overhead bytes  	[MsgId: MMSG-26385]
Action.c(257): Notify: Transaction "3_sent" ended with a "Pass" status (Duration: 0,3419 Wasted Time: 0,0002).	[MsgId: MMSG-16871]
Action.c(262): Notify: Transaction "4_logout" started.	[MsgId: MMSG-16999]
Action.c(264): web_reg_find started  	[MsgId: MMSG-26355]
Action.c(264): Registering web_reg_find was successful  	[MsgId: MMSG-26390]
Action.c(268): web_url("roundcubemail_7") started  	[MsgId: MMSG-26355]
Action.c(268): Redirecting "https://mail.nic.ru/roundcubemail/?_task=logout&_token=141847db3225f09fb4cbf7f28a43a55b" (redirection depth is 0)  	[MsgId: MMSG-26694]
Action.c(268): To location "http://mail.nic.ru/"  	[MsgId: MMSG-26693]
Action.c(268): Error -27792: Failed to connect to server "mail.nic.ru:80": [10060] Connection timed out  	[MsgId: MERR-27792]
Action.c(268): Error -26366: "Text=RU-CENTER" not found for web_reg_find  	[MsgId: MERR-26366]
Action.c(268): Error -26374: The above "not found" error(s) may be explained by header and body byte counts being 650 and 0, respectively.  	[MsgId: MERR-26374]
End auto log messages stack.	[MsgId: MMSG-10544]


Start auto log messages stack - Iteration 670.	[MsgId: MMSG-10545]
Action.c(84): web_reg_save_param_regexp started  	[MsgId: MMSG-26355]
Action.c(84): Registering web_reg_save_param_regexp was successful  	[MsgId: MMSG-26390]
Action.c(95): web_reg_find started  	[MsgId: MMSG-26355]
Action.c(95): Registering web_reg_find was successful  	[MsgId: MMSG-26390]
Action.c(99): web_url("roundcubemail") started  	[MsgId: MMSG-26355]
Action.c(99): Detected non-resource "https://mail.nic.ru/roundcubemail/skins/outlook/watermark.html" in "https://mail.nic.ru/roundcubemail/?_task=mail"  	[MsgId: MMSG-26574]
Action.c(99): ssl_handle_status encounter error : SSL_ERROR_SYSCALL, error id : 0  	[MsgId: MMSG-26000]
Action.c(99): Error -27776: [GENERAL_MSG_CAT_SSL_ERROR]connect to host "mail.nic.ru" failed: [10054] Connection reset by peer
This is probably because the SSL protocol version is not supported. Try switching the TLS/SSL version using "web_set_sockets_option" API.  	[MsgId: MERR-27776]
End auto log messages stack.	[MsgId: MMSG-10544]


Start auto log messages stack - Iteration 717.	[MsgId: MMSG-10545]
Action.c(199): Notify: Transaction "2_message" ended with a "Pass" status (Duration: 0,3020 Wasted Time: 0,0019).	[MsgId: MMSG-16871]
Action.c(203): Notify: Transaction "3_sent" started.	[MsgId: MMSG-16999]
Action.c(207): web_submit_data("roundcubemail_5") started  	[MsgId: MMSG-26355]
Action.c(207): web_submit_data("roundcubemail_5") was successful, 538 body bytes, 468 header bytes, 12 chunking overhead bytes  	[MsgId: MMSG-26385]
Action.c(243): web_reg_find started  	[MsgId: MMSG-26355]
Action.c(243): Registering web_reg_find was successful  	[MsgId: MMSG-26390]
Action.c(247): web_url("roundcubemail_6") started  	[MsgId: MMSG-26355]
Action.c(247): ssl_handle_status encounter error : SSL_ERROR_SYSCALL, error id : 0  	[MsgId: MMSG-26000]
Action.c(247): Error -27776: [GENERAL_MSG_CAT_SSL_ERROR]read to host "mail.nic.ru" failed  	[MsgId: MERR-27776]
Action.c(247): Error -27786: Failed to read data from server "mail.nic.ru"  	[MsgId: MERR-27786]
End auto log messages stack.	[MsgId: MMSG-10544]


Start auto log messages stack - Iteration 707.	[MsgId: MMSG-10545]
Action.c(84): web_reg_save_param_regexp started  	[MsgId: MMSG-26355]
Action.c(84): Registering web_reg_save_param_regexp was successful  	[MsgId: MMSG-26390]
Action.c(95): web_reg_find started  	[MsgId: MMSG-26355]
Action.c(95): Registering web_reg_find was successful  	[MsgId: MMSG-26390]
Action.c(99): web_url("roundcubemail") started  	[MsgId: MMSG-26355]
Action.c(99): Detected non-resource "https://mail.nic.ru/roundcubemail/skins/outlook/watermark.html" in "https://mail.nic.ru/roundcubemail/?_task=mail"  	[MsgId: MMSG-26574]
Action.c(99): ssl_handle_status encounter error : SSL_ERROR_SYSCALL, error id : 0  	[MsgId: MMSG-26000]
Action.c(99): Error -27776: [GENERAL_MSG_CAT_SSL_ERROR]connect to host "mail.nic.ru" failed: [10054] Connection reset by peer
This is probably because the SSL protocol version is not supported. Try switching the TLS/SSL version using "web_set_sockets_option" API.  	[MsgId: MERR-27776]
End auto log messages stack.	[MsgId: MMSG-10544]


Start auto log messages stack - Iteration 750.	[MsgId: MMSG-10545]
Action.c(247): web_url("roundcubemail_6") was successful, 51242 body bytes, 468 header bytes, 127 chunking overhead bytes  	[MsgId: MMSG-26385]
Action.c(257): Notify: Transaction "3_sent" ended with a "Pass" status (Duration: 0,3658 Wasted Time: 0,0002).	[MsgId: MMSG-16871]
Action.c(262): Notify: Transaction "4_logout" started.	[MsgId: MMSG-16999]
Action.c(264): web_reg_find started  	[MsgId: MMSG-26355]
Action.c(264): Registering web_reg_find was successful  	[MsgId: MMSG-26390]
Action.c(268): web_url("roundcubemail_7") started  	[MsgId: MMSG-26355]
Action.c(268): Redirecting "https://mail.nic.ru/roundcubemail/?_task=logout&_token=cc4bf245eb0d629c21309f0aaa643942" (redirection depth is 0)  	[MsgId: MMSG-26694]
Action.c(268): To location "http://mail.nic.ru/"  	[MsgId: MMSG-26693]
Action.c(268): Error -27792: Failed to connect to server "mail.nic.ru:80": [10060] Connection timed out  	[MsgId: MERR-27792]
Action.c(268): Error -26366: "Text=RU-CENTER" not found for web_reg_find  	[MsgId: MERR-26366]
Action.c(268): Error -26374: The above "not found" error(s) may be explained by header and body byte counts being 650 and 0, respectively.  	[MsgId: MERR-26374]
End auto log messages stack.	[MsgId: MMSG-10544]


