Start auto log messages stack - Iteration 4.	[MsgId: MMSG-10545]
Action.c(35): Found resource "https://www.mail.nic.ru/js/bundle.b90153805f5b1456af65.js" in HTML "https://www.mail.nic.ru/"  	[MsgId: MMSG-26659]
Action.c(35): Warning -26604: Unsupported "Content-Encoding"  	[MsgId: MWAR-26604]
Action.c(35): Registered web_reg_find successful for "Text=Электронная почта от RU-CENTER" (count=1)  	[MsgId: MMSG-26364]
Action.c(35): web_url("www.mail.nic.ru") highest severity level was "warning", 327508 body bytes, 1931 header bytes  	[MsgId: MMSG-26388]
Action.c(45): Notify: Transaction "0_homepage" ended with a "Pass" status (Duration: 1,5540 Wasted Time: 0,0011).	[MsgId: MMSG-16871]
Action.c(51): Notify: Transaction "1_login" started.	[MsgId: MMSG-16999]
Action.c(53): web_custom_request("json_auth.php") started  	[MsgId: MMSG-26355]
Action.c(53): ssl_handle_status encounter error : SSL_ERROR_SYSCALL, error id : 0  	[MsgId: MMSG-26000]
Action.c(53): Error -27776: [GENERAL_MSG_CAT_SSL_ERROR]connect to host "mail.nic.ru" failed: [10054] Connection reset by peer
This is probably because the SSL protocol version is not supported. Try switching the TLS/SSL version using "web_set_sockets_option" API.  	[MsgId: MERR-27776]
End auto log messages stack.	[MsgId: MMSG-10544]


Start auto log messages stack - Iteration 30.	[MsgId: MMSG-10545]
Action.c(246): web_url("roundcubemail_6") was successful, 52160 body bytes, 710 header bytes, 120 chunking overhead bytes  	[MsgId: MMSG-26385]
Action.c(256): Notify: Transaction "3_sent" ended with a "Pass" status (Duration: 0,3822 Wasted Time: 0,0002).	[MsgId: MMSG-16871]
Action.c(261): Notify: Transaction "4_logout" started.	[MsgId: MMSG-16999]
Action.c(263): web_reg_find started  	[MsgId: MMSG-26355]
Action.c(263): Registering web_reg_find was successful  	[MsgId: MMSG-26390]
Action.c(267): web_url("roundcubemail_7") started  	[MsgId: MMSG-26355]
Action.c(267): Redirecting "https://mail.nic.ru/roundcubemail/?_task=logout&_token=c362ba75e00941647327272ce914a913" (redirection depth is 0)  	[MsgId: MMSG-26694]
Action.c(267): To location "http://mail.nic.ru/"  	[MsgId: MMSG-26693]
Action.c(267): Error -27792: Failed to connect to server "mail.nic.ru:80": [10060] Connection timed out  	[MsgId: MERR-27792]
Action.c(267): Error -26366: "Text=RU-CENTER" not found for web_reg_find  	[MsgId: MERR-26366]
Action.c(267): Error -26374: The above "not found" error(s) may be explained by header and body byte counts being 650 and 0, respectively.  	[MsgId: MERR-26374]
End auto log messages stack.	[MsgId: MMSG-10544]


Start auto log messages stack - Iteration 2.	[MsgId: MMSG-10545]
Action.c(246): web_url("roundcubemail_6") was successful, 51242 body bytes, 468 header bytes, 107 chunking overhead bytes  	[MsgId: MMSG-26385]
Action.c(256): Notify: Transaction "3_sent" ended with a "Pass" status (Duration: 0,3390 Wasted Time: 0,0002).	[MsgId: MMSG-16871]
Action.c(261): Notify: Transaction "4_logout" started.	[MsgId: MMSG-16999]
Action.c(263): web_reg_find started  	[MsgId: MMSG-26355]
Action.c(263): Registering web_reg_find was successful  	[MsgId: MMSG-26390]
Action.c(267): web_url("roundcubemail_7") started  	[MsgId: MMSG-26355]
Action.c(267): Redirecting "https://mail.nic.ru/roundcubemail/?_task=logout&_token=d2b86e6cacc1e77fa0ef9883a52551cc" (redirection depth is 0)  	[MsgId: MMSG-26694]
Action.c(267): To location "http://mail.nic.ru/"  	[MsgId: MMSG-26693]
Action.c(267): Error -27792: Failed to connect to server "mail.nic.ru:80": [10060] Connection timed out  	[MsgId: MERR-27792]
Action.c(267): Error -26366: "Text=RU-CENTER" not found for web_reg_find  	[MsgId: MERR-26366]
Action.c(267): Error -26374: The above "not found" error(s) may be explained by header and body byte counts being 650 and 0, respectively.  	[MsgId: MERR-26374]
End auto log messages stack.	[MsgId: MMSG-10544]


Start auto log messages stack - Iteration 32.	[MsgId: MMSG-10545]
Action.c(35): Found resource "https://www.mail.nic.ru/js/bundle.b90153805f5b1456af65.js" in HTML "https://www.mail.nic.ru/"  	[MsgId: MMSG-26659]
Action.c(35): Warning -26604: Unsupported "Content-Encoding"  	[MsgId: MWAR-26604]
Action.c(35): Registered web_reg_find successful for "Text=Электронная почта от RU-CENTER" (count=1)  	[MsgId: MMSG-26364]
Action.c(35): web_url("www.mail.nic.ru") highest severity level was "warning", 327508 body bytes, 1931 header bytes  	[MsgId: MMSG-26388]
Action.c(45): Notify: Transaction "0_homepage" ended with a "Pass" status (Duration: 9,2849 Wasted Time: 0,0018).	[MsgId: MMSG-16871]
Action.c(51): Notify: Transaction "1_login" started.	[MsgId: MMSG-16999]
Action.c(53): web_custom_request("json_auth.php") started  	[MsgId: MMSG-26355]
Action.c(53): ssl_handle_status encounter error : SSL_ERROR_SYSCALL, error id : 0  	[MsgId: MMSG-26000]
Action.c(53): Error -27776: [GENERAL_MSG_CAT_SSL_ERROR]connect to host "mail.nic.ru" failed: [10054] Connection reset by peer
This is probably because the SSL protocol version is not supported. Try switching the TLS/SSL version using "web_set_sockets_option" API.  	[MsgId: MERR-27776]
End auto log messages stack.	[MsgId: MMSG-10544]


Start auto log messages stack - Iteration 49.	[MsgId: MMSG-10545]
Action.c(35): Warning -27792: Failed to connect to server "www.mail.nic.ru:443": [10060] Connection timed out  	[MsgId: MWAR-27792]
Action.c(35): Warning -27792: Failed to connect to server "fonts.googleapis.com:443": [10060] Connection timed out  	[MsgId: MWAR-27792]
Action.c(35): Registered web_reg_find successful for "Text=Электронная почта от RU-CENTER" (count=1)  	[MsgId: MMSG-26364]
Action.c(35): web_url("www.mail.nic.ru") highest severity level was "warning", 226250 body bytes, 495 header bytes  	[MsgId: MMSG-26388]
Action.c(45): Notify: Transaction "0_homepage" ended with a "Pass" status (Duration: 21,0386 Wasted Time: 0,0025).	[MsgId: MMSG-16871]
Action.c(51): Notify: Transaction "1_login" started.	[MsgId: MMSG-16999]
Action.c(53): web_custom_request("json_auth.php") started  	[MsgId: MMSG-26355]
Action.c(53): Error -27792: Failed to connect to server "mail.nic.ru:443": [10060] Connection timed out  	[MsgId: MERR-27792]
End auto log messages stack.	[MsgId: MMSG-10544]


Start auto log messages stack - Iteration 32.	[MsgId: MMSG-10545]
Action.c(35): Warning -27792: Failed to connect to server "www.mail.nic.ru:443": [10060] Connection timed out  	[MsgId: MWAR-27792]
Action.c(35): Warning -27792: Failed to connect to server "www.mail.nic.ru:443": [10060] Connection timed out  	[MsgId: MWAR-27792]
Action.c(35): Registered web_reg_find successful for "Text=Электронная почта от RU-CENTER" (count=1)  	[MsgId: MMSG-26364]
Action.c(35): web_url("www.mail.nic.ru") highest severity level was "warning", 2189 body bytes, 930 header bytes  	[MsgId: MMSG-26388]
Action.c(45): Notify: Transaction "0_homepage" ended with a "Pass" status (Duration: 21,0443 Wasted Time: 0,0016).	[MsgId: MMSG-16871]
Action.c(51): Notify: Transaction "1_login" started.	[MsgId: MMSG-16999]
Action.c(53): web_custom_request("json_auth.php") started  	[MsgId: MMSG-26355]
Action.c(53): Error -27792: Failed to connect to server "mail.nic.ru:443": [10060] Connection timed out  	[MsgId: MERR-27792]
End auto log messages stack.	[MsgId: MMSG-10544]


Start auto log messages stack - Iteration 62.	[MsgId: MMSG-10545]
Action.c(35): Found resource "https://www.mail.nic.ru/js/bundle.b90153805f5b1456af65.js" in HTML "https://www.mail.nic.ru/"  	[MsgId: MMSG-26659]
Action.c(35): Warning -26604: Unsupported "Content-Encoding"  	[MsgId: MWAR-26604]
Action.c(35): Registered web_reg_find successful for "Text=Электронная почта от RU-CENTER" (count=1)  	[MsgId: MMSG-26364]
Action.c(35): web_url("www.mail.nic.ru") highest severity level was "warning", 327508 body bytes, 1931 header bytes  	[MsgId: MMSG-26388]
Action.c(45): Notify: Transaction "0_homepage" ended with a "Pass" status (Duration: 4,5373 Wasted Time: 0,0019).	[MsgId: MMSG-16871]
Action.c(51): Notify: Transaction "1_login" started.	[MsgId: MMSG-16999]
Action.c(53): web_custom_request("json_auth.php") started  	[MsgId: MMSG-26355]
Action.c(53): Error -27792: Failed to connect to server "mail.nic.ru:443": [10060] Connection timed out  	[MsgId: MERR-27792]
End auto log messages stack.	[MsgId: MMSG-10544]


Start auto log messages stack - Iteration 13.	[MsgId: MMSG-10545]
Action.c(35): Warning -27792: Failed to connect to server "www.mail.nic.ru:443": [10060] Connection timed out  	[MsgId: MWAR-27792]
Action.c(35): Warning -27792: Failed to connect to server "www.mail.nic.ru:443": [10060] Connection timed out  	[MsgId: MWAR-27792]
Action.c(35): Registered web_reg_find successful for "Text=Электронная почта от RU-CENTER" (count=1)  	[MsgId: MMSG-26364]
Action.c(35): web_url("www.mail.nic.ru") highest severity level was "warning", 91893 body bytes, 494 header bytes  	[MsgId: MMSG-26388]
Action.c(45): Notify: Transaction "0_homepage" ended with a "Pass" status (Duration: 21,0640 Wasted Time: 0,0019).	[MsgId: MMSG-16871]
Action.c(51): Notify: Transaction "1_login" started.	[MsgId: MMSG-16999]
Action.c(53): web_custom_request("json_auth.php") started  	[MsgId: MMSG-26355]
Action.c(53): Error -27792: Failed to connect to server "mail.nic.ru:443": [10060] Connection timed out  	[MsgId: MERR-27792]
End auto log messages stack.	[MsgId: MMSG-10544]


Start auto log messages stack - Iteration 15.	[MsgId: MMSG-10545]
Starting action Action.	[MsgId: MMSG-15919]
Action.c(27): Notify: Transaction "0_homepage" started.	[MsgId: MMSG-16999]
Action.c(29): web_set_sockets_option started  	[MsgId: MMSG-26355]
Action.c(29): web_set_sockets_option was successful  	[MsgId: MMSG-26392]
Action.c(31): web_reg_find started  	[MsgId: MMSG-26355]
Action.c(31): Registering web_reg_find was successful  	[MsgId: MMSG-26390]
Action.c(35): web_url("www.mail.nic.ru") started  	[MsgId: MMSG-26355]
Action.c(35): Error -27792: Failed to connect to server "www.mail.nic.ru:443": [10060] Connection timed out  	[MsgId: MERR-27792]
Action.c(35): Error -26366: "Text=Электронная почта от RU-CENTER" not found for web_reg_find  	[MsgId: MERR-26366]
Action.c(35): Error -26374: The above "not found" error(s) may be explained by header and body byte counts being 0 and 0, respectively.  	[MsgId: MERR-26374]
End auto log messages stack.	[MsgId: MMSG-10544]


Start auto log messages stack - Iteration 45.	[MsgId: MMSG-10545]
Starting action Action.	[MsgId: MMSG-15919]
Action.c(27): Notify: Transaction "0_homepage" started.	[MsgId: MMSG-16999]
Action.c(29): web_set_sockets_option started  	[MsgId: MMSG-26355]
Action.c(29): web_set_sockets_option was successful  	[MsgId: MMSG-26392]
Action.c(31): web_reg_find started  	[MsgId: MMSG-26355]
Action.c(31): Registering web_reg_find was successful  	[MsgId: MMSG-26390]
Action.c(35): web_url("www.mail.nic.ru") started  	[MsgId: MMSG-26355]
Action.c(35): Error -27792: Failed to connect to server "www.mail.nic.ru:443": [10060] Connection timed out  	[MsgId: MERR-27792]
Action.c(35): Error -26366: "Text=Электронная почта от RU-CENTER" not found for web_reg_find  	[MsgId: MERR-26366]
Action.c(35): Error -26374: The above "not found" error(s) may be explained by header and body byte counts being 0 and 0, respectively.  	[MsgId: MERR-26374]
End auto log messages stack.	[MsgId: MMSG-10544]


Start auto log messages stack - Iteration 30.	[MsgId: MMSG-10545]
Action.c(35): Found resource "https://www.mail.nic.ru/js/bundle.b90153805f5b1456af65.js" in HTML "https://www.mail.nic.ru/"  	[MsgId: MMSG-26659]
Action.c(35): Warning -26604: Unsupported "Content-Encoding"  	[MsgId: MWAR-26604]
Action.c(35): Registered web_reg_find successful for "Text=Электронная почта от RU-CENTER" (count=1)  	[MsgId: MMSG-26364]
Action.c(35): web_url("www.mail.nic.ru") highest severity level was "warning", 327508 body bytes, 1931 header bytes  	[MsgId: MMSG-26388]
Action.c(45): Notify: Transaction "0_homepage" ended with a "Pass" status (Duration: 3,5190 Wasted Time: 0,0018).	[MsgId: MMSG-16871]
Action.c(51): Notify: Transaction "1_login" started.	[MsgId: MMSG-16999]
Action.c(53): web_custom_request("json_auth.php") started  	[MsgId: MMSG-26355]
Action.c(53): Error -27792: Failed to connect to server "mail.nic.ru:443": [10060] Connection timed out  	[MsgId: MERR-27792]
End auto log messages stack.	[MsgId: MMSG-10544]


Start auto log messages stack - Iteration 98.	[MsgId: MMSG-10545]
Action.c(246): web_url("roundcubemail_6") was successful, 51242 body bytes, 468 header bytes, 138 chunking overhead bytes  	[MsgId: MMSG-26385]
Action.c(256): Notify: Transaction "3_sent" ended with a "Pass" status (Duration: 0,3558 Wasted Time: 0,0001).	[MsgId: MMSG-16871]
Action.c(261): Notify: Transaction "4_logout" started.	[MsgId: MMSG-16999]
Action.c(263): web_reg_find started  	[MsgId: MMSG-26355]
Action.c(263): Registering web_reg_find was successful  	[MsgId: MMSG-26390]
Action.c(267): web_url("roundcubemail_7") started  	[MsgId: MMSG-26355]
Action.c(267): Redirecting "https://mail.nic.ru/roundcubemail/?_task=logout&_token=2c1a32f69995386ac239586a4e94b419" (redirection depth is 0)  	[MsgId: MMSG-26694]
Action.c(267): To location "http://mail.nic.ru/"  	[MsgId: MMSG-26693]
Action.c(267): Error -27792: Failed to connect to server "mail.nic.ru:80": [10060] Connection timed out  	[MsgId: MERR-27792]
Action.c(267): Error -26366: "Text=RU-CENTER" not found for web_reg_find  	[MsgId: MERR-26366]
Action.c(267): Error -26374: The above "not found" error(s) may be explained by header and body byte counts being 650 and 0, respectively.  	[MsgId: MERR-26374]
End auto log messages stack.	[MsgId: MMSG-10544]


Start auto log messages stack - Iteration 49.	[MsgId: MMSG-10545]
Action.c(246): web_url("roundcubemail_6") was successful, 51242 body bytes, 468 header bytes, 125 chunking overhead bytes  	[MsgId: MMSG-26385]
Action.c(256): Notify: Transaction "3_sent" ended with a "Pass" status (Duration: 0,3597 Wasted Time: 0,0001).	[MsgId: MMSG-16871]
Action.c(261): Notify: Transaction "4_logout" started.	[MsgId: MMSG-16999]
Action.c(263): web_reg_find started  	[MsgId: MMSG-26355]
Action.c(263): Registering web_reg_find was successful  	[MsgId: MMSG-26390]
Action.c(267): web_url("roundcubemail_7") started  	[MsgId: MMSG-26355]
Action.c(267): Redirecting "https://mail.nic.ru/roundcubemail/?_task=logout&_token=873d6493938835b0ad579d4ce3bc3358" (redirection depth is 0)  	[MsgId: MMSG-26694]
Action.c(267): To location "http://mail.nic.ru/"  	[MsgId: MMSG-26693]
Action.c(267): Error -27792: Failed to connect to server "mail.nic.ru:80": [10060] Connection timed out  	[MsgId: MERR-27792]
Action.c(267): Error -26366: "Text=RU-CENTER" not found for web_reg_find  	[MsgId: MERR-26366]
Action.c(267): Error -26374: The above "not found" error(s) may be explained by header and body byte counts being 650 and 0, respectively.  	[MsgId: MERR-26374]
End auto log messages stack.	[MsgId: MMSG-10544]


Start auto log messages stack - Iteration 104.	[MsgId: MMSG-10545]
Starting action Action.	[MsgId: MMSG-15919]
Action.c(27): Notify: Transaction "0_homepage" started.	[MsgId: MMSG-16999]
Action.c(29): web_set_sockets_option started  	[MsgId: MMSG-26355]
Action.c(29): web_set_sockets_option was successful  	[MsgId: MMSG-26392]
Action.c(31): web_reg_find started  	[MsgId: MMSG-26355]
Action.c(31): Registering web_reg_find was successful  	[MsgId: MMSG-26390]
Action.c(35): web_url("www.mail.nic.ru") started  	[MsgId: MMSG-26355]
Action.c(35): Error -27792: Failed to connect to server "www.mail.nic.ru:443": [10060] Connection timed out  	[MsgId: MERR-27792]
Action.c(35): Error -26366: "Text=Электронная почта от RU-CENTER" not found for web_reg_find  	[MsgId: MERR-26366]
Action.c(35): Error -26374: The above "not found" error(s) may be explained by header and body byte counts being 0 and 0, respectively.  	[MsgId: MERR-26374]
End auto log messages stack.	[MsgId: MMSG-10544]


Start auto log messages stack - Iteration 109.	[MsgId: MMSG-10545]
Starting action Action.	[MsgId: MMSG-15919]
Action.c(27): Notify: Transaction "0_homepage" started.	[MsgId: MMSG-16999]
Action.c(29): web_set_sockets_option started  	[MsgId: MMSG-26355]
Action.c(29): web_set_sockets_option was successful  	[MsgId: MMSG-26392]
Action.c(31): web_reg_find started  	[MsgId: MMSG-26355]
Action.c(31): Registering web_reg_find was successful  	[MsgId: MMSG-26390]
Action.c(35): web_url("www.mail.nic.ru") started  	[MsgId: MMSG-26355]
Action.c(35): Error -27792: Failed to connect to server "www.mail.nic.ru:443": [10060] Connection timed out  	[MsgId: MERR-27792]
Action.c(35): Error -26366: "Text=Электронная почта от RU-CENTER" not found for web_reg_find  	[MsgId: MERR-26366]
Action.c(35): Error -26374: The above "not found" error(s) may be explained by header and body byte counts being 0 and 0, respectively.  	[MsgId: MERR-26374]
End auto log messages stack.	[MsgId: MMSG-10544]


Start auto log messages stack - Iteration 118.	[MsgId: MMSG-10545]
Action.c(246): web_url("roundcubemail_6") was successful, 51242 body bytes, 468 header bytes, 107 chunking overhead bytes  	[MsgId: MMSG-26385]
Action.c(256): Notify: Transaction "3_sent" ended with a "Pass" status (Duration: 0,3816 Wasted Time: 0,0001).	[MsgId: MMSG-16871]
Action.c(261): Notify: Transaction "4_logout" started.	[MsgId: MMSG-16999]
Action.c(263): web_reg_find started  	[MsgId: MMSG-26355]
Action.c(263): Registering web_reg_find was successful  	[MsgId: MMSG-26390]
Action.c(267): web_url("roundcubemail_7") started  	[MsgId: MMSG-26355]
Action.c(267): Redirecting "https://mail.nic.ru/roundcubemail/?_task=logout&_token=5ad4f2bc38634e1762fdf5cdb7900066" (redirection depth is 0)  	[MsgId: MMSG-26694]
Action.c(267): To location "http://mail.nic.ru/"  	[MsgId: MMSG-26693]
Action.c(267): Error -27792: Failed to connect to server "mail.nic.ru:80": [10060] Connection timed out  	[MsgId: MERR-27792]
Action.c(267): Error -26366: "Text=RU-CENTER" not found for web_reg_find  	[MsgId: MERR-26366]
Action.c(267): Error -26374: The above "not found" error(s) may be explained by header and body byte counts being 650 and 0, respectively.  	[MsgId: MERR-26374]
End auto log messages stack.	[MsgId: MMSG-10544]


Start auto log messages stack - Iteration 120.	[MsgId: MMSG-10545]
Action.c(35): Found resource "https://www.mail.nic.ru/js/bundle.b90153805f5b1456af65.js" in HTML "https://www.mail.nic.ru/"  	[MsgId: MMSG-26659]
Action.c(35): Warning -26604: Unsupported "Content-Encoding"  	[MsgId: MWAR-26604]
Action.c(35): Registered web_reg_find successful for "Text=Электронная почта от RU-CENTER" (count=1)  	[MsgId: MMSG-26364]
Action.c(35): web_url("www.mail.nic.ru") highest severity level was "warning", 327508 body bytes, 1931 header bytes  	[MsgId: MMSG-26388]
Action.c(45): Notify: Transaction "0_homepage" ended with a "Pass" status (Duration: 9,4239 Wasted Time: 0,0012).	[MsgId: MMSG-16871]
Action.c(51): Notify: Transaction "1_login" started.	[MsgId: MMSG-16999]
Action.c(53): web_custom_request("json_auth.php") started  	[MsgId: MMSG-26355]
Action.c(53): Error -27792: Failed to connect to server "mail.nic.ru:443": [10060] Connection timed out  	[MsgId: MERR-27792]
End auto log messages stack.	[MsgId: MMSG-10544]


Start auto log messages stack - Iteration 121.	[MsgId: MMSG-10545]
Starting action Action.	[MsgId: MMSG-15919]
Action.c(27): Notify: Transaction "0_homepage" started.	[MsgId: MMSG-16999]
Action.c(29): web_set_sockets_option started  	[MsgId: MMSG-26355]
Action.c(29): web_set_sockets_option was successful  	[MsgId: MMSG-26392]
Action.c(31): web_reg_find started  	[MsgId: MMSG-26355]
Action.c(31): Registering web_reg_find was successful  	[MsgId: MMSG-26390]
Action.c(35): web_url("www.mail.nic.ru") started  	[MsgId: MMSG-26355]
Action.c(35): Error -27792: Failed to connect to server "www.mail.nic.ru:443": [10060] Connection timed out  	[MsgId: MERR-27792]
Action.c(35): Error -26366: "Text=Электронная почта от RU-CENTER" not found for web_reg_find  	[MsgId: MERR-26366]
Action.c(35): Error -26374: The above "not found" error(s) may be explained by header and body byte counts being 0 and 0, respectively.  	[MsgId: MERR-26374]
End auto log messages stack.	[MsgId: MMSG-10544]


Start auto log messages stack - Iteration 146.	[MsgId: MMSG-10545]
Action.c(35): Found resource "https://www.mail.nic.ru/js/bundle.b90153805f5b1456af65.js" in HTML "https://www.mail.nic.ru/"  	[MsgId: MMSG-26659]
Action.c(35): Warning -26604: Unsupported "Content-Encoding"  	[MsgId: MWAR-26604]
Action.c(35): Registered web_reg_find successful for "Text=Электронная почта от RU-CENTER" (count=1)  	[MsgId: MMSG-26364]
Action.c(35): web_url("www.mail.nic.ru") highest severity level was "warning", 327508 body bytes, 1931 header bytes  	[MsgId: MMSG-26388]
Action.c(45): Notify: Transaction "0_homepage" ended with a "Pass" status (Duration: 3,2661 Wasted Time: 0,0030).	[MsgId: MMSG-16871]
Action.c(51): Notify: Transaction "1_login" started.	[MsgId: MMSG-16999]
Action.c(53): web_custom_request("json_auth.php") started  	[MsgId: MMSG-26355]
Action.c(53): Error -27792: Failed to connect to server "mail.nic.ru:443": [10060] Connection timed out  	[MsgId: MERR-27792]
End auto log messages stack.	[MsgId: MMSG-10544]


Start auto log messages stack - Iteration 118.	[MsgId: MMSG-10545]
Starting action Action.	[MsgId: MMSG-15919]
Action.c(27): Notify: Transaction "0_homepage" started.	[MsgId: MMSG-16999]
Action.c(29): web_set_sockets_option started  	[MsgId: MMSG-26355]
Action.c(29): web_set_sockets_option was successful  	[MsgId: MMSG-26392]
Action.c(31): web_reg_find started  	[MsgId: MMSG-26355]
Action.c(31): Registering web_reg_find was successful  	[MsgId: MMSG-26390]
Action.c(35): web_url("www.mail.nic.ru") started  	[MsgId: MMSG-26355]
Action.c(35): Error -27792: Failed to connect to server "www.mail.nic.ru:443": [10060] Connection timed out  	[MsgId: MERR-27792]
Action.c(35): Error -26366: "Text=Электронная почта от RU-CENTER" not found for web_reg_find  	[MsgId: MERR-26366]
Action.c(35): Error -26374: The above "not found" error(s) may be explained by header and body byte counts being 0 and 0, respectively.  	[MsgId: MERR-26374]
End auto log messages stack.	[MsgId: MMSG-10544]


Start auto log messages stack - Iteration 106.	[MsgId: MMSG-10545]
Action.c(35): Found resource "https://www.mail.nic.ru/js/bundle.b90153805f5b1456af65.js" in HTML "https://www.mail.nic.ru/"  	[MsgId: MMSG-26659]
Action.c(35): Warning -26604: Unsupported "Content-Encoding"  	[MsgId: MWAR-26604]
Action.c(35): Registered web_reg_find successful for "Text=Электронная почта от RU-CENTER" (count=1)  	[MsgId: MMSG-26364]
Action.c(35): web_url("www.mail.nic.ru") highest severity level was "warning", 327508 body bytes, 1931 header bytes  	[MsgId: MMSG-26388]
Action.c(45): Notify: Transaction "0_homepage" ended with a "Pass" status (Duration: 9,3115 Wasted Time: 0,0030).	[MsgId: MMSG-16871]
Action.c(51): Notify: Transaction "1_login" started.	[MsgId: MMSG-16999]
Action.c(53): web_custom_request("json_auth.php") started  	[MsgId: MMSG-26355]
Action.c(53): Error -27792: Failed to connect to server "mail.nic.ru:443": [10060] Connection timed out  	[MsgId: MERR-27792]
End auto log messages stack.	[MsgId: MMSG-10544]


Start auto log messages stack - Iteration 160.	[MsgId: MMSG-10545]
Starting action Action.	[MsgId: MMSG-15919]
Action.c(27): Notify: Transaction "0_homepage" started.	[MsgId: MMSG-16999]
Action.c(29): web_set_sockets_option started  	[MsgId: MMSG-26355]
Action.c(29): web_set_sockets_option was successful  	[MsgId: MMSG-26392]
Action.c(31): web_reg_find started  	[MsgId: MMSG-26355]
Action.c(31): Registering web_reg_find was successful  	[MsgId: MMSG-26390]
Action.c(35): web_url("www.mail.nic.ru") started  	[MsgId: MMSG-26355]
Action.c(35): Error -27792: Failed to connect to server "www.mail.nic.ru:443": [10060] Connection timed out  	[MsgId: MERR-27792]
Action.c(35): Error -26366: "Text=Электронная почта от RU-CENTER" not found for web_reg_find  	[MsgId: MERR-26366]
Action.c(35): Error -26374: The above "not found" error(s) may be explained by header and body byte counts being 0 and 0, respectively.  	[MsgId: MERR-26374]
End auto log messages stack.	[MsgId: MMSG-10544]


Start auto log messages stack - Iteration 107.	[MsgId: MMSG-10545]
Action.c(246): web_url("roundcubemail_6") was successful, 51242 body bytes, 468 header bytes, 125 chunking overhead bytes  	[MsgId: MMSG-26385]
Action.c(256): Notify: Transaction "3_sent" ended with a "Pass" status (Duration: 0,3365 Wasted Time: 0,0002).	[MsgId: MMSG-16871]
Action.c(261): Notify: Transaction "4_logout" started.	[MsgId: MMSG-16999]
Action.c(263): web_reg_find started  	[MsgId: MMSG-26355]
Action.c(263): Registering web_reg_find was successful  	[MsgId: MMSG-26390]
Action.c(267): web_url("roundcubemail_7") started  	[MsgId: MMSG-26355]
Action.c(267): Redirecting "https://mail.nic.ru/roundcubemail/?_task=logout&_token=569724d2f18046fe78d63191bcc3f4fd" (redirection depth is 0)  	[MsgId: MMSG-26694]
Action.c(267): To location "http://mail.nic.ru/"  	[MsgId: MMSG-26693]
Action.c(267): Error -27792: Failed to connect to server "mail.nic.ru:80": [10060] Connection timed out  	[MsgId: MERR-27792]
Action.c(267): Error -26366: "Text=RU-CENTER" not found for web_reg_find  	[MsgId: MERR-26366]
Action.c(267): Error -26374: The above "not found" error(s) may be explained by header and body byte counts being 650 and 0, respectively.  	[MsgId: MERR-26374]
End auto log messages stack.	[MsgId: MMSG-10544]


Start auto log messages stack - Iteration 161.	[MsgId: MMSG-10545]
Action.c(35): Found resource "https://www.mail.nic.ru/js/bundle.b90153805f5b1456af65.js" in HTML "https://www.mail.nic.ru/"  	[MsgId: MMSG-26659]
Action.c(35): Warning -26604: Unsupported "Content-Encoding"  	[MsgId: MWAR-26604]
Action.c(35): Registered web_reg_find successful for "Text=Электронная почта от RU-CENTER" (count=1)  	[MsgId: MMSG-26364]
Action.c(35): web_url("www.mail.nic.ru") highest severity level was "warning", 327508 body bytes, 1931 header bytes  	[MsgId: MMSG-26388]
Action.c(45): Notify: Transaction "0_homepage" ended with a "Pass" status (Duration: 0,2640 Wasted Time: 0,0024).	[MsgId: MMSG-16871]
Action.c(51): Notify: Transaction "1_login" started.	[MsgId: MMSG-16999]
Action.c(53): web_custom_request("json_auth.php") started  	[MsgId: MMSG-26355]
Action.c(53): Error -27792: Failed to connect to server "mail.nic.ru:443": [10060] Connection timed out  	[MsgId: MERR-27792]
End auto log messages stack.	[MsgId: MMSG-10544]


Start auto log messages stack - Iteration 137.	[MsgId: MMSG-10545]
Action.c(246): web_url("roundcubemail_6") was successful, 51242 body bytes, 468 header bytes, 119 chunking overhead bytes  	[MsgId: MMSG-26385]
Action.c(256): Notify: Transaction "3_sent" ended with a "Pass" status (Duration: 0,3802 Wasted Time: 0,0002).	[MsgId: MMSG-16871]
Action.c(261): Notify: Transaction "4_logout" started.	[MsgId: MMSG-16999]
Action.c(263): web_reg_find started  	[MsgId: MMSG-26355]
Action.c(263): Registering web_reg_find was successful  	[MsgId: MMSG-26390]
Action.c(267): web_url("roundcubemail_7") started  	[MsgId: MMSG-26355]
Action.c(267): Redirecting "https://mail.nic.ru/roundcubemail/?_task=logout&_token=d87b072f5fd2a4b6ab11be1f3dd924c5" (redirection depth is 0)  	[MsgId: MMSG-26694]
Action.c(267): To location "http://mail.nic.ru/"  	[MsgId: MMSG-26693]
Action.c(267): Error -27792: Failed to connect to server "mail.nic.ru:80": [10060] Connection timed out  	[MsgId: MERR-27792]
Action.c(267): Error -26366: "Text=RU-CENTER" not found for web_reg_find  	[MsgId: MERR-26366]
Action.c(267): Error -26374: The above "not found" error(s) may be explained by header and body byte counts being 650 and 0, respectively.  	[MsgId: MERR-26374]
End auto log messages stack.	[MsgId: MMSG-10544]


Start auto log messages stack - Iteration 115.	[MsgId: MMSG-10545]
Starting action Action.	[MsgId: MMSG-15919]
Action.c(27): Notify: Transaction "0_homepage" started.	[MsgId: MMSG-16999]
Action.c(29): web_set_sockets_option started  	[MsgId: MMSG-26355]
Action.c(29): web_set_sockets_option was successful  	[MsgId: MMSG-26392]
Action.c(31): web_reg_find started  	[MsgId: MMSG-26355]
Action.c(31): Registering web_reg_find was successful  	[MsgId: MMSG-26390]
Action.c(35): web_url("www.mail.nic.ru") started  	[MsgId: MMSG-26355]
Action.c(35): Error -27792: Failed to connect to server "www.mail.nic.ru:443": [10060] Connection timed out  	[MsgId: MERR-27792]
Action.c(35): Error -26366: "Text=Электронная почта от RU-CENTER" not found for web_reg_find  	[MsgId: MERR-26366]
Action.c(35): Error -26374: The above "not found" error(s) may be explained by header and body byte counts being 0 and 0, respectively.  	[MsgId: MERR-26374]
End auto log messages stack.	[MsgId: MMSG-10544]


Start auto log messages stack - Iteration 118.	[MsgId: MMSG-10545]
Action.c(246): web_url("roundcubemail_6") was successful, 51242 body bytes, 468 header bytes, 118 chunking overhead bytes  	[MsgId: MMSG-26385]
Action.c(256): Notify: Transaction "3_sent" ended with a "Pass" status (Duration: 0,3596 Wasted Time: 0,0002).	[MsgId: MMSG-16871]
Action.c(261): Notify: Transaction "4_logout" started.	[MsgId: MMSG-16999]
Action.c(263): web_reg_find started  	[MsgId: MMSG-26355]
Action.c(263): Registering web_reg_find was successful  	[MsgId: MMSG-26390]
Action.c(267): web_url("roundcubemail_7") started  	[MsgId: MMSG-26355]
Action.c(267): Redirecting "https://mail.nic.ru/roundcubemail/?_task=logout&_token=861bf58aa00493a4620240f7a7cc802b" (redirection depth is 0)  	[MsgId: MMSG-26694]
Action.c(267): To location "http://mail.nic.ru/"  	[MsgId: MMSG-26693]
Action.c(267): Error -27792: Failed to connect to server "mail.nic.ru:80": [10060] Connection timed out  	[MsgId: MERR-27792]
Action.c(267): Error -26366: "Text=RU-CENTER" not found for web_reg_find  	[MsgId: MERR-26366]
Action.c(267): Error -26374: The above "not found" error(s) may be explained by header and body byte counts being 650 and 0, respectively.  	[MsgId: MERR-26374]
End auto log messages stack.	[MsgId: MMSG-10544]


Start auto log messages stack - Iteration 126.	[MsgId: MMSG-10545]
Action.c(162): web_reg_save_param_regexp started  	[MsgId: MMSG-26355]
Action.c(162): Registering web_reg_save_param_regexp was successful  	[MsgId: MMSG-26390]
Action.c(178): web_reg_save_param_regexp started  	[MsgId: MMSG-26355]
Action.c(178): Registering web_reg_save_param_regexp was successful  	[MsgId: MMSG-26390]
Action.c(188): web_url("roundcubemail_2") started  	[MsgId: MMSG-26355]
Action.c(188): Redirecting "https://mail.nic.ru/roundcubemail/?_task=mail&_mbox=INBOX&_action=compose" (redirection depth is 0)  	[MsgId: MMSG-26694]
Action.c(188): To location "https://mail.nic.ru/roundcubemail/?_task=mail&_action=compose&_id=14066159425de6c9208bab4"  	[MsgId: MMSG-26693]
Action.c(188): Error -35049: No match found for the requested parameter "_store_target". Check whether the requested regular expression exists in the response data  	[MsgId: MERR-35049]
Action.c(188): Error -35049: No match found for the requested parameter "_from". Check whether the requested regular expression exists in the response data  	[MsgId: MERR-35049]
Action.c(188): Error -35049: No match found for the requested parameter "CorrelationParameter". Check whether the requested regular expression exists in the response data  	[MsgId: MERR-35049]
End auto log messages stack.	[MsgId: MMSG-10544]


