Error: missing newline in C:\Users\lol\Documents\VuGen\Scripts\gmail_record\title.dat	[MsgId: MERR-13874]
Error: missing newline in C:\Users\lol\Documents\VuGen\Scripts\gmail_record\email_pswd.dat	[MsgId: MERR-13874]
Error: missing newline in C:\Users\lol\Documents\VuGen\Scripts\gmail_record\adr_email.dat	[MsgId: MERR-13874]
Error: missing newline in C:\Users\lol\Documents\VuGen\Scripts\gmail_record\signature.dat	[MsgId: MERR-13874]
Start auto log messages stack - Iteration 15.	[MsgId: MMSG-10545]
Starting action Action.	[MsgId: MMSG-15919]
Action.c(27): Notify: Transaction "0_homepage" started.	[MsgId: MMSG-16999]
Action.c(29): web_set_sockets_option started  	[MsgId: MMSG-26355]
Action.c(29): web_set_sockets_option was successful  	[MsgId: MMSG-26392]
Action.c(31): web_reg_find started  	[MsgId: MMSG-26355]
Action.c(31): Registering web_reg_find was successful  	[MsgId: MMSG-26390]
Action.c(35): web_url("www.mail.nic.ru") started  	[MsgId: MMSG-26355]
Action.c(35): Error -27792: Failed to connect to server "www.mail.nic.ru:443": [10060] Connection timed out  	[MsgId: MERR-27792]
Action.c(35): Error -26366: "Text=Электронная почта от RU-CENTER" not found for web_reg_find  	[MsgId: MERR-26366]
Action.c(35): Error -26374: The above "not found" error(s) may be explained by header and body byte counts being 0 and 0, respectively.  	[MsgId: MERR-26374]
End auto log messages stack.	[MsgId: MMSG-10544]


Start auto log messages stack - Iteration 16.	[MsgId: MMSG-10545]
Starting action Action.	[MsgId: MMSG-15919]
Action.c(27): Notify: Transaction "0_homepage" started.	[MsgId: MMSG-16999]
Action.c(29): web_set_sockets_option started  	[MsgId: MMSG-26355]
Action.c(29): web_set_sockets_option was successful  	[MsgId: MMSG-26392]
Action.c(31): web_reg_find started  	[MsgId: MMSG-26355]
Action.c(31): Registering web_reg_find was successful  	[MsgId: MMSG-26390]
Action.c(35): web_url("www.mail.nic.ru") started  	[MsgId: MMSG-26355]
Action.c(35): Error -27792: Failed to connect to server "www.mail.nic.ru:443": [10060] Connection timed out  	[MsgId: MERR-27792]
Action.c(35): Error -26366: "Text=Электронная почта от RU-CENTER" not found for web_reg_find  	[MsgId: MERR-26366]
Action.c(35): Error -26374: The above "not found" error(s) may be explained by header and body byte counts being 0 and 0, respectively.  	[MsgId: MERR-26374]
End auto log messages stack.	[MsgId: MMSG-10544]


Start auto log messages stack - Iteration 11.	[MsgId: MMSG-10545]
Action.c(247): web_url("roundcubemail_6") was successful, 51242 body bytes, 468 header bytes, 126 chunking overhead bytes  	[MsgId: MMSG-26385]
Action.c(257): Notify: Transaction "3_sent" ended with a "Pass" status (Duration: 0,3556 Wasted Time: 0,0002).	[MsgId: MMSG-16871]
Action.c(262): Notify: Transaction "4_logout" started.	[MsgId: MMSG-16999]
Action.c(264): web_reg_find started  	[MsgId: MMSG-26355]
Action.c(264): Registering web_reg_find was successful  	[MsgId: MMSG-26390]
Action.c(268): web_url("roundcubemail_7") started  	[MsgId: MMSG-26355]
Action.c(268): Redirecting "https://mail.nic.ru/roundcubemail/?_task=logout&_token=7dc5c9328b18c66020ac5df6b2f1c7f1" (redirection depth is 0)  	[MsgId: MMSG-26694]
Action.c(268): To location "http://mail.nic.ru/"  	[MsgId: MMSG-26693]
Action.c(268): Error -27792: Failed to connect to server "mail.nic.ru:80": [10060] Connection timed out  	[MsgId: MERR-27792]
Action.c(268): Error -26366: "Text=RU-CENTER" not found for web_reg_find  	[MsgId: MERR-26366]
Action.c(268): Error -26374: The above "not found" error(s) may be explained by header and body byte counts being 650 and 0, respectively.  	[MsgId: MERR-26374]
End auto log messages stack.	[MsgId: MMSG-10544]


Start auto log messages stack - Iteration 14.	[MsgId: MMSG-10545]
Action.c(247): web_url("roundcubemail_6") was successful, 52160 body bytes, 710 header bytes, 119 chunking overhead bytes  	[MsgId: MMSG-26385]
Action.c(257): Notify: Transaction "3_sent" ended with a "Pass" status (Duration: 0,3790 Wasted Time: 0,0002).	[MsgId: MMSG-16871]
Action.c(262): Notify: Transaction "4_logout" started.	[MsgId: MMSG-16999]
Action.c(264): web_reg_find started  	[MsgId: MMSG-26355]
Action.c(264): Registering web_reg_find was successful  	[MsgId: MMSG-26390]
Action.c(268): web_url("roundcubemail_7") started  	[MsgId: MMSG-26355]
Action.c(268): Redirecting "https://mail.nic.ru/roundcubemail/?_task=logout&_token=cfb4557e47939c81505cc157ac269ab7" (redirection depth is 0)  	[MsgId: MMSG-26694]
Action.c(268): To location "http://mail.nic.ru/"  	[MsgId: MMSG-26693]
Action.c(268): Error -27792: Failed to connect to server "mail.nic.ru:80": [10060] Connection timed out  	[MsgId: MERR-27792]
Action.c(268): Error -26366: "Text=RU-CENTER" not found for web_reg_find  	[MsgId: MERR-26366]
Action.c(268): Error -26374: The above "not found" error(s) may be explained by header and body byte counts being 650 and 0, respectively.  	[MsgId: MERR-26374]
End auto log messages stack.	[MsgId: MMSG-10544]


Start auto log messages stack - Iteration 13.	[MsgId: MMSG-10545]
Action.c(247): web_url("roundcubemail_6") was successful, 52160 body bytes, 710 header bytes, 144 chunking overhead bytes  	[MsgId: MMSG-26385]
Action.c(257): Notify: Transaction "3_sent" ended with a "Pass" status (Duration: 0,3756 Wasted Time: 0,0003).	[MsgId: MMSG-16871]
Action.c(262): Notify: Transaction "4_logout" started.	[MsgId: MMSG-16999]
Action.c(264): web_reg_find started  	[MsgId: MMSG-26355]
Action.c(264): Registering web_reg_find was successful  	[MsgId: MMSG-26390]
Action.c(268): web_url("roundcubemail_7") started  	[MsgId: MMSG-26355]
Action.c(268): Redirecting "https://mail.nic.ru/roundcubemail/?_task=logout&_token=97603e9d5f3a62052a4f62f83e454a56" (redirection depth is 0)  	[MsgId: MMSG-26694]
Action.c(268): To location "http://mail.nic.ru/"  	[MsgId: MMSG-26693]
Action.c(268): Error -27792: Failed to connect to server "mail.nic.ru:80": [10060] Connection timed out  	[MsgId: MERR-27792]
Action.c(268): Error -26366: "Text=RU-CENTER" not found for web_reg_find  	[MsgId: MERR-26366]
Action.c(268): Error -26374: The above "not found" error(s) may be explained by header and body byte counts being 650 and 0, respectively.  	[MsgId: MERR-26374]
End auto log messages stack.	[MsgId: MMSG-10544]


Start auto log messages stack - Iteration 12.	[MsgId: MMSG-10545]
Starting action Action.	[MsgId: MMSG-15919]
Action.c(27): Notify: Transaction "0_homepage" started.	[MsgId: MMSG-16999]
Action.c(29): web_set_sockets_option started  	[MsgId: MMSG-26355]
Action.c(29): web_set_sockets_option was successful  	[MsgId: MMSG-26392]
Action.c(31): web_reg_find started  	[MsgId: MMSG-26355]
Action.c(31): Registering web_reg_find was successful  	[MsgId: MMSG-26390]
Action.c(35): web_url("www.mail.nic.ru") started  	[MsgId: MMSG-26355]
Action.c(35): Error -27792: Failed to connect to server "www.mail.nic.ru:443": [10060] Connection timed out  	[MsgId: MERR-27792]
Action.c(35): Error -26366: "Text=Электронная почта от RU-CENTER" not found for web_reg_find  	[MsgId: MERR-26366]
Action.c(35): Error -26374: The above "not found" error(s) may be explained by header and body byte counts being 0 and 0, respectively.  	[MsgId: MERR-26374]
End auto log messages stack.	[MsgId: MMSG-10544]


Start auto log messages stack - Iteration 14.	[MsgId: MMSG-10545]
Starting action Action.	[MsgId: MMSG-15919]
Action.c(27): Notify: Transaction "0_homepage" started.	[MsgId: MMSG-16999]
Action.c(29): web_set_sockets_option started  	[MsgId: MMSG-26355]
Action.c(29): web_set_sockets_option was successful  	[MsgId: MMSG-26392]
Action.c(31): web_reg_find started  	[MsgId: MMSG-26355]
Action.c(31): Registering web_reg_find was successful  	[MsgId: MMSG-26390]
Action.c(35): web_url("www.mail.nic.ru") started  	[MsgId: MMSG-26355]
Action.c(35): Error -27792: Failed to connect to server "www.mail.nic.ru:443": [10060] Connection timed out  	[MsgId: MERR-27792]
Action.c(35): Error -26366: "Text=Электронная почта от RU-CENTER" not found for web_reg_find  	[MsgId: MERR-26366]
Action.c(35): Error -26374: The above "not found" error(s) may be explained by header and body byte counts being 0 and 0, respectively.  	[MsgId: MERR-26374]
End auto log messages stack.	[MsgId: MMSG-10544]


Start auto log messages stack - Iteration 17.	[MsgId: MMSG-10545]
Action.c(35): Warning -27792: Failed to connect to server "www.mail.nic.ru:443": [10060] Connection timed out  	[MsgId: MWAR-27792]
Action.c(35): Warning -27792: Failed to connect to server "fonts.googleapis.com:443": [10060] Connection timed out  	[MsgId: MWAR-27792]
Action.c(35): Registered web_reg_find successful for "Text=Электронная почта от RU-CENTER" (count=1)  	[MsgId: MMSG-26364]
Action.c(35): web_url("www.mail.nic.ru") highest severity level was "warning", 1575 body bytes, 239 header bytes  	[MsgId: MMSG-26388]
Action.c(45): Notify: Transaction "0_homepage" ended with a "Pass" status (Duration: 30,0442 Wasted Time: 0,0016).	[MsgId: MMSG-16871]
Action.c(51): Notify: Transaction "1_login" started.	[MsgId: MMSG-16999]
Action.c(53): web_custom_request("json_auth.php") started  	[MsgId: MMSG-26355]
Action.c(53): Error -27792: Failed to connect to server "mail.nic.ru:443": [10060] Connection timed out  	[MsgId: MERR-27792]
End auto log messages stack.	[MsgId: MMSG-10544]


Start auto log messages stack - Iteration 15.	[MsgId: MMSG-10545]
Action.c(35): Warning -27792: Failed to connect to server "www.mail.nic.ru:443": [10060] Connection timed out  	[MsgId: MWAR-27792]
Action.c(35): Warning -27792: Failed to connect to server "www.mail.nic.ru:443": [10060] Connection timed out  	[MsgId: MWAR-27792]
Action.c(35): Registered web_reg_find successful for "Text=Электронная почта от RU-CENTER" (count=1)  	[MsgId: MMSG-26364]
Action.c(35): web_url("www.mail.nic.ru") highest severity level was "warning", 2189 body bytes, 930 header bytes  	[MsgId: MMSG-26388]
Action.c(45): Notify: Transaction "0_homepage" ended with a "Pass" status (Duration: 21,0439 Wasted Time: 0,0016).	[MsgId: MMSG-16871]
Action.c(51): Notify: Transaction "1_login" started.	[MsgId: MMSG-16999]
Action.c(53): web_custom_request("json_auth.php") started  	[MsgId: MMSG-26355]
Action.c(53): Error -27792: Failed to connect to server "mail.nic.ru:443": [10060] Connection timed out  	[MsgId: MERR-27792]
End auto log messages stack.	[MsgId: MMSG-10544]


Start auto log messages stack - Iteration 13.	[MsgId: MMSG-10545]
Starting action Action.	[MsgId: MMSG-15919]
Action.c(27): Notify: Transaction "0_homepage" started.	[MsgId: MMSG-16999]
Action.c(29): web_set_sockets_option started  	[MsgId: MMSG-26355]
Action.c(29): web_set_sockets_option was successful  	[MsgId: MMSG-26392]
Action.c(31): web_reg_find started  	[MsgId: MMSG-26355]
Action.c(31): Registering web_reg_find was successful  	[MsgId: MMSG-26390]
Action.c(35): web_url("www.mail.nic.ru") started  	[MsgId: MMSG-26355]
Action.c(35): Error -27792: Failed to connect to server "www.mail.nic.ru:443": [10060] Connection timed out  	[MsgId: MERR-27792]
Action.c(35): Error -26366: "Text=Электронная почта от RU-CENTER" not found for web_reg_find  	[MsgId: MERR-26366]
Action.c(35): Error -26374: The above "not found" error(s) may be explained by header and body byte counts being 0 and 0, respectively.  	[MsgId: MERR-26374]
End auto log messages stack.	[MsgId: MMSG-10544]


Start auto log messages stack - Iteration 15.	[MsgId: MMSG-10545]
Starting action Action.	[MsgId: MMSG-15919]
Action.c(27): Notify: Transaction "0_homepage" started.	[MsgId: MMSG-16999]
Action.c(29): web_set_sockets_option started  	[MsgId: MMSG-26355]
Action.c(29): web_set_sockets_option was successful  	[MsgId: MMSG-26392]
Action.c(31): web_reg_find started  	[MsgId: MMSG-26355]
Action.c(31): Registering web_reg_find was successful  	[MsgId: MMSG-26390]
Action.c(35): web_url("www.mail.nic.ru") started  	[MsgId: MMSG-26355]
Action.c(35): Error -27792: Failed to connect to server "www.mail.nic.ru:443": [10060] Connection timed out  	[MsgId: MERR-27792]
Action.c(35): Error -26366: "Text=Электронная почта от RU-CENTER" not found for web_reg_find  	[MsgId: MERR-26366]
Action.c(35): Error -26374: The above "not found" error(s) may be explained by header and body byte counts being 0 and 0, respectively.  	[MsgId: MERR-26374]
End auto log messages stack.	[MsgId: MMSG-10544]


