Start auto log messages stack - Iteration 122.	[MsgId: MMSG-10545]
Action.c(189): Detected non-resource "https://mail.nic.ru/roundcubemail/program/resources/blank.gif" in "https://mail.nic.ru/roundcubemail/?_task=mail&_action=compose&_id=12270123025e1aed7848a1d"  	[MsgId: MMSG-26574]
Action.c(189): HTML parsing not performed for Content-Type "image/gif" ("ParseHtmlContentType" Runtime Setting is "TEXT"). URL="https://mail.nic.ru/roundcubemail/program/resources/blank.gif"  	[MsgId: MMSG-26548]
Action.c(189): web_url("roundcubemail_2") was successful, 385179 body bytes, 2483 header bytes, 103 chunking overhead bytes  	[MsgId: MMSG-26385]
Action.c(199): Notify: Transaction "2_message" ended with a "Pass" status (Duration: 0,2760 Wasted Time: 0,0012).	[MsgId: MMSG-16871]
Action.c(203): Notify: Transaction "3_sent" started.	[MsgId: MMSG-16999]
Action.c(207): web_submit_data("roundcubemail_5") started  	[MsgId: MMSG-26355]
Action.c(207): Error -27722: Step download timeout (120 seconds) has expired when downloading resource "https://mail.nic.ru/roundcubemail/?_task=mail&_unlock=loading1578823031762&_lang=ru_RU&_framed=1"  	[MsgId: MERR-27722]
End auto log messages stack.	[MsgId: MMSG-10544]


Start auto log messages stack - Iteration 257.	[MsgId: MMSG-10545]
Action.c(247): web_url("roundcubemail_6") was successful, 51242 body bytes, 468 header bytes, 127 chunking overhead bytes  	[MsgId: MMSG-26385]
Action.c(257): Notify: Transaction "3_sent" ended with a "Pass" status (Duration: 0,3700 Wasted Time: 0,0001).	[MsgId: MMSG-16871]
Action.c(262): Notify: Transaction "4_logout" started.	[MsgId: MMSG-16999]
Action.c(264): web_reg_find started  	[MsgId: MMSG-26355]
Action.c(264): Registering web_reg_find was successful  	[MsgId: MMSG-26390]
Action.c(268): web_url("roundcubemail_7") started  	[MsgId: MMSG-26355]
Action.c(268): Redirecting "https://mail.nic.ru/roundcubemail/?_task=logout&_token=1de2223d3db58320806fbba8dc0efae8" (redirection depth is 0)  	[MsgId: MMSG-26694]
Action.c(268): To location "http://mail.nic.ru/"  	[MsgId: MMSG-26693]
Action.c(268): Error -27792: Failed to connect to server "mail.nic.ru:80": [10060] Connection timed out  	[MsgId: MERR-27792]
Action.c(268): Error -26366: "Text=RU-CENTER" not found for web_reg_find  	[MsgId: MERR-26366]
Action.c(268): Error -26374: The above "not found" error(s) may be explained by header and body byte counts being 650 and 0, respectively.  	[MsgId: MERR-26374]
End auto log messages stack.	[MsgId: MMSG-10544]


Start auto log messages stack - Iteration 417.	[MsgId: MMSG-10545]
Action.c(247): Retrieving data from cache for "https://mail.nic.ru/roundcubemail/skins/outlook/watermark.html"  	[MsgId: MMSG-26558]
Action.c(247): Registered web_reg_find successful for "Text=Copyright (C) 2005-2014 The Roundcube Dev Team" (count=1)  	[MsgId: MMSG-26364]
Action.c(247): web_url("roundcubemail_6") was successful, 51242 body bytes, 468 header bytes, 127 chunking overhead bytes  	[MsgId: MMSG-26385]
Action.c(257): Notify: Transaction "3_sent" ended with a "Pass" status (Duration: 0,6535 Wasted Time: 0,0003).	[MsgId: MMSG-16871]
Action.c(262): Notify: Transaction "4_logout" started.	[MsgId: MMSG-16999]
Action.c(264): web_reg_find started  	[MsgId: MMSG-26355]
Action.c(264): Registering web_reg_find was successful  	[MsgId: MMSG-26390]
Action.c(268): web_url("roundcubemail_7") started  	[MsgId: MMSG-26355]
Action.c(268): Error -26366: "Text=RU-CENTER" not found for web_reg_find  	[MsgId: MERR-26366]
Action.c(268): Error -26374: The above "not found" error(s) may be explained by header and body byte counts being 187 and 0, respectively.  	[MsgId: MERR-26374]
End auto log messages stack.	[MsgId: MMSG-10544]


