Start auto log messages stack - Iteration 237.	[MsgId: MMSG-10545]
Action.c(64): web_custom_request("json_auth.php_2") was successful, 91 body bytes, 678 header bytes, 11 chunking overhead bytes  	[MsgId: MMSG-26385]
Action.c(84): web_reg_save_param_regexp started  	[MsgId: MMSG-26355]
Action.c(84): Registering web_reg_save_param_regexp was successful  	[MsgId: MMSG-26390]
Action.c(95): web_reg_find started  	[MsgId: MMSG-26355]
Action.c(95): Registering web_reg_find was successful  	[MsgId: MMSG-26390]
Action.c(99): web_url("roundcubemail") started  	[MsgId: MMSG-26355]
Action.c(99): Detected non-resource "https://mail.nic.ru/roundcubemail/skins/outlook/watermark.html" in "https://mail.nic.ru/roundcubemail/?_task=mail"  	[MsgId: MMSG-26574]
Action.c(99): Error -27792: Failed to connect to server "mail.nic.ru:443": [10060] Connection timed out  	[MsgId: MERR-27792]
End auto log messages stack.	[MsgId: MMSG-10544]


Start auto log messages stack - Iteration 247.	[MsgId: MMSG-10545]
Action.c(29): web_set_sockets_option was successful  	[MsgId: MMSG-26392]
Action.c(31): web_reg_find started  	[MsgId: MMSG-26355]
Action.c(31): Registering web_reg_find was successful  	[MsgId: MMSG-26390]
Action.c(35): web_url("www.mail.nic.ru") started  	[MsgId: MMSG-26355]
Action.c(35): Registered web_reg_find successful for "Text=Электронная почта от RU-CENTER" (count=1)  	[MsgId: MMSG-26364]
Action.c(35): web_url("www.mail.nic.ru") was successful, 1575 body bytes, 239 header bytes  	[MsgId: MMSG-26386]
Action.c(45): Notify: Transaction "0_homepage" ended with a "Pass" status (Duration: 0,0352 Wasted Time: 0,0012).	[MsgId: MMSG-16871]
Action.c(51): Notify: Transaction "1_login" started.	[MsgId: MMSG-16999]
Action.c(53): web_custom_request("json_auth.php") started  	[MsgId: MMSG-26355]
Action.c(53): Error -27792: Failed to connect to server "mail.nic.ru:443": [10060] Connection timed out  	[MsgId: MERR-27792]
End auto log messages stack.	[MsgId: MMSG-10544]


Start auto log messages stack - Iteration 235.	[MsgId: MMSG-10545]
Starting action Action.	[MsgId: MMSG-15919]
Action.c(27): Notify: Transaction "0_homepage" started.	[MsgId: MMSG-16999]
Action.c(29): web_set_sockets_option started  	[MsgId: MMSG-26355]
Action.c(29): web_set_sockets_option was successful  	[MsgId: MMSG-26392]
Action.c(31): web_reg_find started  	[MsgId: MMSG-26355]
Action.c(31): Registering web_reg_find was successful  	[MsgId: MMSG-26390]
Action.c(35): web_url("www.mail.nic.ru") started  	[MsgId: MMSG-26355]
Action.c(35): Error -27792: Failed to connect to server "www.mail.nic.ru:443": [10060] Connection timed out  	[MsgId: MERR-27792]
Action.c(35): Error -26366: "Text=Электронная почта от RU-CENTER" not found for web_reg_find  	[MsgId: MERR-26366]
Action.c(35): Error -26374: The above "not found" error(s) may be explained by header and body byte counts being 0 and 0, respectively.  	[MsgId: MERR-26374]
End auto log messages stack.	[MsgId: MMSG-10544]


